#
# There is insufficient memory for the Java Runtime Environment to continue.
# Native memory allocation (mmap) failed to map 195559424 bytes for committing reserved memory.
# Possible reasons:
#   The system is out of physical RAM or swap space
#   In 32 bit mode, the process size limit was hit
# Possible solutions:
#   Reduce memory load on the system
#   Increase physical memory or swap space
#   Check if swap backing store is full
#   Use 64 bit Java on a 64 bit OS
#   Decrease Java heap size (-Xmx/-Xms)
#   Decrease number of Java threads
#   Decrease Java thread stack sizes (-Xss)
#   Set larger code cache with -XX:ReservedCodeCacheSize=
# This output file may be truncated or incomplete.
#
#  Out of Memory Error (os_linux.cpp:2627), pid=16422, tid=0x00007f19f0517700
#
# JRE version: Java(TM) SE Runtime Environment (8.0_121-b13) (build 1.8.0_121-b13)
# Java VM: Java HotSpot(TM) 64-Bit Server VM (25.121-b13 mixed mode linux-amd64 compressed oops)
# Core dump written. Default location: /home/stefan/GitHub.com/gibanica.com/core or core.16422
#

---------------  T H R E A D  ---------------

Current thread (0x00007f1a08076000):  VMThread [stack: 0x00007f19f0417000,0x00007f19f0518000] [id=16433]

Stack: [0x00007f19f0417000,0x00007f19f0518000],  sp=0x00007f19f0516270,  free space=1020k
Native frames: (J=compiled Java code, j=interpreted, Vv=VM code, C=native code)
V  [libjvm.so+0xac703a]  VMError::report_and_die()+0x2ba
V  [libjvm.so+0x4fc7eb]  report_vm_out_of_memory(char const*, int, unsigned long, VMErrorType, char const*)+0x8b
V  [libjvm.so+0x923c43]  os::Linux::commit_memory_impl(char*, unsigned long, bool)+0x103
V  [libjvm.so+0x924199]  os::pd_commit_memory(char*, unsigned long, unsigned long, bool)+0x29
V  [libjvm.so+0x91e4aa]  os::commit_memory(char*, unsigned long, unsigned long, bool)+0x2a
V  [libjvm.so+0x992f03]  PSVirtualSpace::expand_by(unsigned long)+0x53
V  [libjvm.so+0x9837c0]  PSOldGen::expand(unsigned long)+0x170
V  [libjvm.so+0x9839cb]  PSOldGen::resize(unsigned long)+0x1cb
V  [libjvm.so+0x98b6d1]  PSParallelCompact::invoke_no_policy(bool)+0x991
V  [libjvm.so+0x98b9c3]  PSParallelCompact::invoke(bool)+0x63
V  [libjvm.so+0x4832d4]  CollectedHeap::collect_as_vm_thread(GCCause::Cause)+0x114
V  [libjvm.so+0xac84b1]  VM_CollectForMetadataAllocation::doit()+0x161
V  [libjvm.so+0xad0535]  VM_Operation::evaluate()+0x55
V  [libjvm.so+0xace90a]  VMThread::evaluate_operation(VM_Operation*)+0xba
V  [libjvm.so+0xacec8e]  VMThread::loop()+0x1ce
V  [libjvm.so+0xacf100]  VMThread::run()+0x70
V  [libjvm.so+0x926268]  java_start(Thread*)+0x108

VM_Operation (0x00007f19ebcfa830): CollectForMetadataAllocation, mode: safepoint, requested by thread 0x00007f1a080bc800


---------------  P R O C E S S  ---------------

Java Threads: ( => current thread )
  0x00007f1994929800 JavaThread "Scala Presentation Compiler []" daemon [_thread_blocked, id=16556, stack(0x00007f19a08df000,0x00007f19a09e0000)]
  0x00007f198c004000 JavaThread "pool-7-thread-6" [_thread_blocked, id=16551, stack(0x00007f19a0be0000,0x00007f19a0ce1000)]
  0x00007f1990001000 JavaThread "pool-7-thread-5" [_thread_blocked, id=16550, stack(0x00007f19a0ce1000,0x00007f19a0de2000)]
  0x00007f198400e800 JavaThread "pool-7-thread-4" [_thread_blocked, id=16549, stack(0x00007f19a0de2000,0x00007f19a0ee3000)]
  0x00007f198400c800 JavaThread "pool-7-thread-3" [_thread_blocked, id=16548, stack(0x00007f19a0ee3000,0x00007f19a0fe4000)]
  0x00007f198400b000 JavaThread "pool-7-thread-2" [_thread_blocked, id=16547, stack(0x00007f19a0fe4000,0x00007f19a10e5000)]
  0x00007f1984007800 JavaThread "pool-7-thread-1" [_thread_blocked, id=16546, stack(0x00007f19a10e5000,0x00007f19a11e6000)]
  0x00007f198001f000 JavaThread "ForkJoinPool-1-worker-1" daemon [_thread_blocked, id=16545, stack(0x00007f19a11e6000,0x00007f19a12e7000)]
  0x00007f1994edf000 JavaThread "New I/O server boss #9" [_thread_in_native, id=16486, stack(0x00007f19a12e7000,0x00007f19a13e8000)]
  0x00007f1994ecc800 JavaThread "New I/O worker #8" [_thread_blocked, id=16485, stack(0x00007f19a13e8000,0x00007f19a14e9000)]
  0x00007f1994ead800 JavaThread "New I/O worker #7" [_thread_blocked, id=16484, stack(0x00007f19a14e9000,0x00007f19a15ea000)]
  0x00007f1994e8e800 JavaThread "New I/O worker #6" [_thread_blocked, id=16483, stack(0x00007f19a15ea000,0x00007f19a16eb000)]
  0x00007f1994e70000 JavaThread "New I/O worker #5" [_thread_blocked, id=16482, stack(0x00007f19a16eb000,0x00007f19a17ec000)]
  0x00007f1994e51800 JavaThread "New I/O worker #4" [_thread_blocked, id=16481, stack(0x00007f19a17ec000,0x00007f19a18ed000)]
  0x00007f1994de1800 JavaThread "New I/O worker #3" [_thread_blocked, id=16480, stack(0x00007f19a18ed000,0x00007f19a19ee000)]
  0x00007f1994de0800 JavaThread "New I/O worker #2" [_thread_blocked, id=16479, stack(0x00007f19a19ee000,0x00007f19a1aef000)]
  0x00007f1994dda000 JavaThread "New I/O worker #1" [_thread_blocked, id=16478, stack(0x00007f19a1aef000,0x00007f19a1bf0000)]
  0x00007f1988001000 JavaThread "application-akka.actor.default-dispatcher-4" [_thread_blocked, id=16477, stack(0x00007f19a1df0000,0x00007f19a1ef1000)]
  0x00007f1994d23000 JavaThread "application-akka.actor.default-dispatcher-3" [_thread_blocked, id=16476, stack(0x00007f19a1ef1000,0x00007f19a1ff2000)]
  0x00007f1994d21800 JavaThread "application-akka.actor.default-dispatcher-2" [_thread_blocked, id=16475, stack(0x00007f19a1ff2000,0x00007f19a20f3000)]
  0x00007f1994b68000 JavaThread "application-scheduler-1" [_thread_blocked, id=16474, stack(0x00007f19a20f3000,0x00007f19a21f4000)]
  0x00007f199461e800 JavaThread "sbt-play-watch-service" daemon [_thread_blocked, id=16473, stack(0x00007f19a27f4000,0x00007f19a28f5000)]
  0x00007f199461d000 JavaThread "Thread-1" daemon [_thread_in_native, id=16472, stack(0x00007f19a28f5000,0x00007f19a29f6000)]
  0x00007f1a0939a800 JavaThread "pool-4-thread-5" [_thread_in_native, id=16471, stack(0x00007f19a2de7000,0x00007f19a2ee8000)]
  0x00007f1a09399800 JavaThread "pool-4-thread-4" [_thread_blocked, id=16469, stack(0x00007f19e9276000,0x00007f19e9377000)]
  0x00007f1a09397800 JavaThread "pool-4-thread-3" [_thread_blocked, id=16468, stack(0x00007f19e8d73000,0x00007f19e8e74000)]
  0x00007f1a09397000 JavaThread "pool-4-thread-2" [_thread_blocked, id=16467, stack(0x00007f19e9074000,0x00007f19e9175000)]
  0x00007f1a09392800 JavaThread "pool-4-thread-1" [_thread_blocked, id=16466, stack(0x00007f19a3ce8000,0x00007f19a3de9000)]
  0x00007f1a09375800 JavaThread "sbt-web-akka.actor.default-dispatcher-3" [_thread_blocked, id=16465, stack(0x00007f19e9175000,0x00007f19e9276000)]
  0x00007f1a09361800 JavaThread "sbt-web-akka.actor.default-dispatcher-2" [_thread_blocked, id=16464, stack(0x00007f19e8456000,0x00007f19e8557000)]
  0x00007f1a09304000 JavaThread "sbt-web-scheduler-1" [_thread_blocked, id=16463, stack(0x00007f19ea21f000,0x00007f19ea320000)]
  0x00007f1a080da000 JavaThread "Service Thread" daemon [_thread_blocked, id=16440, stack(0x00007f19ebafb000,0x00007f19ebbfc000)]
  0x00007f1a080bc800 JavaThread "C1 CompilerThread2" daemon [_thread_blocked, id=16439, stack(0x00007f19ebbfc000,0x00007f19ebcfd000)]
  0x00007f1a080bb000 JavaThread "C2 CompilerThread1" daemon [_thread_blocked, id=16438, stack(0x00007f19ebcfd000,0x00007f19ebdfe000)]
  0x00007f1a080b8000 JavaThread "C2 CompilerThread0" daemon [_thread_blocked, id=16437, stack(0x00007f19ebdfe000,0x00007f19ebeff000)]
  0x00007f1a080b6800 JavaThread "Signal Dispatcher" daemon [_thread_blocked, id=16436, stack(0x00007f19ebeff000,0x00007f19ec000000)]
  0x00007f1a08082800 JavaThread "Finalizer" daemon [_thread_blocked, id=16435, stack(0x00007f19f0215000,0x00007f19f0316000)]
  0x00007f1a0807e000 JavaThread "Reference Handler" daemon [_thread_blocked, id=16434, stack(0x00007f19f0316000,0x00007f19f0417000)]
  0x00007f1a08008000 JavaThread "main" [_thread_blocked, id=16425, stack(0x00007f1a0e50d000,0x00007f1a0e60e000)]

Other Threads:
=>0x00007f1a08076000 VMThread [stack: 0x00007f19f0417000,0x00007f19f0518000] [id=16433]
  0x00007f1a080dd000 WatcherThread [stack: 0x00007f19eb9fa000,0x00007f19ebafb000] [id=16441]

VM state:at safepoint (normal execution)

VM Mutex/Monitor currently owned by a thread:  ([mutex/lock_event])
[0x00007f1a08005c50] ExpandHeap_lock - owner thread: 0x00007f1a08076000
[0x00007f1a080062d0] Threads_lock - owner thread: 0x00007f1a08076000
[0x00007f1a080067d0] Heap_lock - owner thread: 0x00007f1a080bc800
[0x00007f1a08006d50] MethodData_lock - owner thread: 0x00007f1a080bc800

Heap:
 PSYoungGen      total 203264K, used 0K [0x00000000eab00000, 0x0000000100000000, 0x0000000100000000)
  eden space 130048K, 0% used [0x00000000eab00000,0x00000000eab00000,0x00000000f2a00000)
  from space 73216K, 0% used [0x00000000fb880000,0x00000000fb880000,0x0000000100000000)
  to   space 109568K, 0% used [0x00000000f2a00000,0x00000000f2a00000,0x00000000f9500000)
 ParOldGen       total 424448K, used 92115K [0x00000000c0000000, 0x00000000d9e80000, 0x00000000eab00000)
  object space 424448K, 21% used [0x00000000c0000000,0x00000000c59f4cf8,0x00000000d9e80000)
 Metaspace       used 96240K, capacity 96876K, committed 98348K, reserved 1130496K
  class space    used 17322K, capacity 17529K, committed 17792K, reserved 1048576K

Card table byte_map: [0x00007f19f8612000,0x00007f19f8813000] byte_map_base: 0x00007f19f8012000

Marking Bits: (ParMarkBitMap*) 0x00007f1a0da15c80
 Begin Bits: [0x00007f19f2000000, 0x00007f19f3000000)
 End Bits:   [0x00007f19f3000000, 0x00007f19f4000000)

Polling page: 0x00007f1a0e63e000

CodeCache: size=245760Kb used=28057Kb max_used=31974Kb free=217702Kb
 bounds [0x00007f19f8bd3000, 0x00007f19fab33000, 0x00007f1a07bd3000]
 total_blobs=11403 nmethods=10884 adapters=428
 compilation: enabled

Compilation events (10 events):
Event: 56.301 Thread 0x00007f1a080bc800 13884       3       scala.reflect.internal.Symbols$ModuleSymbol::isModule (5 bytes)
Event: 56.302 Thread 0x00007f1a080bc800 nmethod 13884 0x00007f19fa2e1510 code [0x00007f19fa2e1680, 0x00007f19fa2e1830]
Event: 56.302 Thread 0x00007f1a080bc800 13898       3       scala.reflect.internal.Symbols$TypeSymbol::info_$eq (16 bytes)
Event: 56.302 Thread 0x00007f1a080bc800 nmethod 13898 0x00007f19f9a7dc90 code [0x00007f19f9a7de00, 0x00007f19f9a7e068]
Event: 56.302 Thread 0x00007f1a080bc800 13925       3       scala.reflect.internal.Types$Type::findDecl (159 bytes)
Event: 56.306 Thread 0x00007f1a080bc800 nmethod 13925 0x00007f19f9a7b790 code [0x00007f19f9a7ba80, 0x00007f19f9a7d328]
Event: 56.306 Thread 0x00007f1a080bc800 13906       3       scala.reflect.internal.Scopes$Scope::enter (15 bytes)
Event: 56.307 Thread 0x00007f1a080bc800 nmethod 13906 0x00007f19f9a7ae50 code [0x00007f19f9a7afe0, 0x00007f19f9a7b598]
Event: 56.307 Thread 0x00007f1a080bc800 13918       3       scala.reflect.internal.Symbols$Symbol::newClassSymbol (158 bytes)
Event: 56.308 Thread 0x00007f1a080bb000 13928       4       scala.reflect.internal.Names$class::enterChars (150 bytes)

GC Heap History (10 events):
Event: 35.802 GC heap after
Heap after GC invocations=11 (full 3):
 PSYoungGen      total 300032K, used 0K [0x00000000eab00000, 0x0000000100000000, 0x0000000100000000)
  eden space 251904K, 0% used [0x00000000eab00000,0x00000000eab00000,0x00000000fa100000)
  from space 48128K, 0% used [0x00000000fd080000,0x00000000fd080000,0x00000000fff80000)
  to   space 48640K, 0% used [0x00000000fa100000,0x00000000fa100000,0x00000000fd080000)
 ParOldGen       total 424448K, used 16893K [0x00000000c0000000, 0x00000000d9e80000, 0x00000000eab00000)
  object space 424448K, 3% used [0x00000000c0000000,0x00000000c107f548,0x00000000d9e80000)
 Metaspace       used 58188K, capacity 58496K, committed 59008K, reserved 1097728K
  class space    used 10291K, capacity 10435K, committed 10624K, reserved 1048576K
}
Event: 42.348 GC heap before
{Heap before GC invocations=12 (full 3):
 PSYoungGen      total 300032K, used 251904K [0x00000000eab00000, 0x0000000100000000, 0x0000000100000000)
  eden space 251904K, 100% used [0x00000000eab00000,0x00000000fa100000,0x00000000fa100000)
  from space 48128K, 0% used [0x00000000fd080000,0x00000000fd080000,0x00000000fff80000)
  to   space 48640K, 0% used [0x00000000fa100000,0x00000000fa100000,0x00000000fd080000)
 ParOldGen       total 424448K, used 16893K [0x00000000c0000000, 0x00000000d9e80000, 0x00000000eab00000)
  object space 424448K, 3% used [0x00000000c0000000,0x00000000c107f548,0x00000000d9e80000)
 Metaspace       used 64434K, capacity 64818K, committed 65024K, reserved 1103872K
  class space    used 11236K, capacity 11397K, committed 11520K, reserved 1048576K
Event: 42.451 GC heap after
Heap after GC invocations=12 (full 3):
 PSYoungGen      total 300544K, used 48637K [0x00000000eab00000, 0x0000000100000000, 0x0000000100000000)
  eden space 251904K, 0% used [0x00000000eab00000,0x00000000eab00000,0x00000000fa100000)
  from space 48640K, 99% used [0x00000000fa100000,0x00000000fd07f5a0,0x00000000fd080000)
  to   space 48640K, 0% used [0x00000000fd080000,0x00000000fd080000,0x0000000100000000)
 ParOldGen       total 424448K, used 35334K [0x00000000c0000000, 0x00000000d9e80000, 0x00000000eab00000)
  object space 424448K, 8% used [0x00000000c0000000,0x00000000c22819f8,0x00000000d9e80000)
 Metaspace       used 64434K, capacity 64818K, committed 65024K, reserved 1103872K
  class space    used 11236K, capacity 11397K, committed 11520K, reserved 1048576K
}
Event: 47.877 GC heap before
{Heap before GC invocations=13 (full 3):
 PSYoungGen      total 300544K, used 300541K [0x00000000eab00000, 0x0000000100000000, 0x0000000100000000)
  eden space 251904K, 100% used [0x00000000eab00000,0x00000000fa100000,0x00000000fa100000)
  from space 48640K, 99% used [0x00000000fa100000,0x00000000fd07f5a0,0x00000000fd080000)
  to   space 48640K, 0% used [0x00000000fd080000,0x00000000fd080000,0x0000000100000000)
 ParOldGen       total 424448K, used 35334K [0x00000000c0000000, 0x00000000d9e80000, 0x00000000eab00000)
  object space 424448K, 8% used [0x00000000c0000000,0x00000000c22819f8,0x00000000d9e80000)
 Metaspace       used 79455K, capacity 79970K, committed 80256K, reserved 1116160K
  class space    used 13970K, capacity 14101K, committed 14208K, reserved 1048576K
Event: 47.969 GC heap after
Heap after GC invocations=13 (full 3):
 PSYoungGen      total 251392K, used 48619K [0x00000000eab00000, 0x0000000100000000, 0x0000000100000000)
  eden space 202752K, 0% used [0x00000000eab00000,0x00000000eab00000,0x00000000f7100000)
  from space 48640K, 99% used [0x00000000fd080000,0x00000000ffffad30,0x0000000100000000)
  to   space 73216K, 0% used [0x00000000f7100000,0x00000000f7100000,0x00000000fb880000)
 ParOldGen       total 424448K, used 55192K [0x00000000c0000000, 0x00000000d9e80000, 0x00000000eab00000)
  object space 424448K, 13% used [0x00000000c0000000,0x00000000c35e61a8,0x00000000d9e80000)
 Metaspace       used 79455K, capacity 79970K, committed 80256K, reserved 1116160K
  class space    used 13970K, capacity 14101K, committed 14208K, reserved 1048576K
}
Event: 53.619 GC heap before
{Heap before GC invocations=14 (full 3):
 PSYoungGen      total 251392K, used 251371K [0x00000000eab00000, 0x0000000100000000, 0x0000000100000000)
  eden space 202752K, 100% used [0x00000000eab00000,0x00000000f7100000,0x00000000f7100000)
  from space 48640K, 99% used [0x00000000fd080000,0x00000000ffffad30,0x0000000100000000)
  to   space 73216K, 0% used [0x00000000f7100000,0x00000000f7100000,0x00000000fb880000)
 ParOldGen       total 424448K, used 55192K [0x00000000c0000000, 0x00000000d9e80000, 0x00000000eab00000)
  object space 424448K, 13% used [0x00000000c0000000,0x00000000c35e61a8,0x00000000d9e80000)
 Metaspace       used 85680K, capacity 86294K, committed 86528K, reserved 1120256K
  class space    used 15364K, capacity 15543K, committed 15616K, reserved 1048576K
Event: 53.753 GC heap after
Heap after GC invocations=14 (full 3):
 PSYoungGen      total 275968K, used 73185K [0x00000000eab00000, 0x0000000100000000, 0x0000000100000000)
  eden space 202752K, 0% used [0x00000000eab00000,0x00000000eab00000,0x00000000f7100000)
  from space 73216K, 99% used [0x00000000f7100000,0x00000000fb878790,0x00000000fb880000)
  to   space 73216K, 0% used [0x00000000fb880000,0x00000000fb880000,0x0000000100000000)
 ParOldGen       total 424448K, used 68339K [0x00000000c0000000, 0x00000000d9e80000, 0x00000000eab00000)
  object space 424448K, 16% used [0x00000000c0000000,0x00000000c42bcd38,0x00000000d9e80000)
 Metaspace       used 85680K, capacity 86294K, committed 86528K, reserved 1120256K
  class space    used 15364K, capacity 15543K, committed 15616K, reserved 1048576K
}
Event: 56.308 GC heap before
{Heap before GC invocations=15 (full 3):
 PSYoungGen      total 275968K, used 173108K [0x00000000eab00000, 0x0000000100000000, 0x0000000100000000)
  eden space 202752K, 49% used [0x00000000eab00000,0x00000000f0c94a00,0x00000000f7100000)
  from space 73216K, 99% used [0x00000000f7100000,0x00000000fb878790,0x00000000fb880000)
  to   space 73216K, 0% used [0x00000000fb880000,0x00000000fb880000,0x0000000100000000)
 ParOldGen       total 424448K, used 68339K [0x00000000c0000000, 0x00000000d9e80000, 0x00000000eab00000)
  object space 424448K, 16% used [0x00000000c0000000,0x00000000c42bcd38,0x00000000d9e80000)
 Metaspace       used 97504K, capacity 98152K, committed 98348K, reserved 1130496K
  class space    used 17486K, capacity 17701K, committed 17792K, reserved 1048576K
Event: 56.487 GC heap after
Heap after GC invocations=15 (full 3):
 PSYoungGen      total 203264K, used 73188K [0x00000000eab00000, 0x0000000100000000, 0x0000000100000000)
  eden space 130048K, 0% used [0x00000000eab00000,0x00000000eab00000,0x00000000f2a00000)
  from space 73216K, 99% used [0x00000000fb880000,0x00000000ffff9260,0x0000000100000000)
  to   space 109568K, 0% used [0x00000000f2a00000,0x00000000f2a00000,0x00000000f9500000)
 ParOldGen       total 424448K, used 105193K [0x00000000c0000000, 0x00000000d9e80000, 0x00000000eab00000)
  object space 424448K, 24% used [0x00000000c0000000,0x00000000c66ba6a0,0x00000000d9e80000)
 Metaspace       used 97504K, capacity 98152K, committed 98348K, reserved 1130496K
  class space    used 17486K, capacity 17701K, committed 17792K, reserved 1048576K
}
Event: 56.487 GC heap before
{Heap before GC invocations=16 (full 4):
 PSYoungGen      total 203264K, used 73188K [0x00000000eab00000, 0x0000000100000000, 0x0000000100000000)
  eden space 130048K, 0% used [0x00000000eab00000,0x00000000eab00000,0x00000000f2a00000)
  from space 73216K, 99% used [0x00000000fb880000,0x00000000ffff9260,0x0000000100000000)
  to   space 109568K, 0% used [0x00000000f2a00000,0x00000000f2a00000,0x00000000f9500000)
 ParOldGen       total 424448K, used 105193K [0x00000000c0000000, 0x00000000d9e80000, 0x00000000eab00000)
  object space 424448K, 24% used [0x00000000c0000000,0x00000000c66ba6a0,0x00000000d9e80000)
 Metaspace       used 97504K, capacity 98152K, committed 98348K, reserved 1130496K
  class space    used 17486K, capacity 17701K, committed 17792K, reserved 1048576K

Deoptimization events (10 events):
Event: 53.067 Thread 0x00007f198400c800 Uncommon trap: reason=bimorphic action=maybe_recompile pc=0x00007f19f9492094 method=java.util.concurrent.ConcurrentHashMap.get(Ljava/lang/Object;)Ljava/lang/Object; @ 149
Event: 53.073 Thread 0x00007f198400c800 Uncommon trap: reason=bimorphic action=maybe_recompile pc=0x00007f19f9492094 method=java.util.concurrent.ConcurrentHashMap.get(Ljava/lang/Object;)Ljava/lang/Object; @ 149
Event: 53.120 Thread 0x00007f198400c800 Uncommon trap: reason=bimorphic action=maybe_recompile pc=0x00007f19f9492094 method=java.util.concurrent.ConcurrentHashMap.get(Ljava/lang/Object;)Ljava/lang/Object; @ 149
Event: 53.194 Thread 0x00007f198400c800 Uncommon trap: reason=class_check action=maybe_recompile pc=0x00007f19f99af4a0 method=java.lang.reflect.Array.newInstance(Ljava/lang/Class;I)Ljava/lang/Object; @ 2
Event: 53.199 Thread 0x00007f198400c800 Uncommon trap: reason=class_check action=maybe_recompile pc=0x00007f19f99af4a0 method=java.lang.reflect.Array.newInstance(Ljava/lang/Class;I)Ljava/lang/Object; @ 2
Event: 53.204 Thread 0x00007f198400c800 Uncommon trap: reason=class_check action=maybe_recompile pc=0x00007f19f99af4a0 method=java.lang.reflect.Array.newInstance(Ljava/lang/Class;I)Ljava/lang/Object; @ 2
Event: 53.209 Thread 0x00007f198400c800 Uncommon trap: reason=class_check action=maybe_recompile pc=0x00007f19f99af4a0 method=java.lang.reflect.Array.newInstance(Ljava/lang/Class;I)Ljava/lang/Object; @ 2
Event: 53.317 Thread 0x00007f198400c800 Uncommon trap: reason=class_check action=maybe_recompile pc=0x00007f19f8d73b78 method=sbinary.JavaInput.readByte()B @ 4
Event: 53.318 Thread 0x00007f198400c800 Uncommon trap: reason=class_check action=maybe_recompile pc=0x00007f19f950e7a8 method=sbinary.JavaInput.readByte()B @ 4
Event: 55.195 Thread 0x00007f198400c800 Uncommon trap: reason=null_check action=make_not_entrant pc=0x00007f19f9ad3144 method=java.lang.reflect.Array.newInstance(Ljava/lang/Class;I)Ljava/lang/Object; @ 2

Internal exceptions (10 events):
Event: 53.105 Thread 0x00007f198400c800 Exception <a 'java/lang/NoSuchMethodError': <clinit>> (0x00000000f33ded50) thrown at [/HUDSON3/workspace/8-2-build-linux-amd64/jdk8u121/8372/hotspot/src/share/vm/prims/jni.cpp, line 1613]
Event: 53.110 Thread 0x00007f198400c800 Exception <a 'java/lang/NoSuchMethodError': <clinit>> (0x00000000f33f98b0) thrown at [/HUDSON3/workspace/8-2-build-linux-amd64/jdk8u121/8372/hotspot/src/share/vm/prims/jni.cpp, line 1613]
Event: 53.113 Thread 0x00007f198400c800 Exception <a 'java/lang/NoSuchMethodError': <clinit>> (0x00000000f340af68) thrown at [/HUDSON3/workspace/8-2-build-linux-amd64/jdk8u121/8372/hotspot/src/share/vm/prims/jni.cpp, line 1613]
Event: 53.117 Thread 0x00007f198400c800 Exception <a 'java/lang/NoSuchMethodError': <clinit>> (0x00000000f341b940) thrown at [/HUDSON3/workspace/8-2-build-linux-amd64/jdk8u121/8372/hotspot/src/share/vm/prims/jni.cpp, line 1613]
Event: 53.119 Thread 0x00007f198400c800 Exception <a 'java/lang/NoSuchMethodError': <clinit>> (0x00000000f3426700) thrown at [/HUDSON3/workspace/8-2-build-linux-amd64/jdk8u121/8372/hotspot/src/share/vm/prims/jni.cpp, line 1613]
Event: 53.123 Thread 0x00007f198400c800 Exception <a 'java/lang/NoSuchMethodError': <clinit>> (0x00000000f3437ab0) thrown at [/HUDSON3/workspace/8-2-build-linux-amd64/jdk8u121/8372/hotspot/src/share/vm/prims/jni.cpp, line 1613]
Event: 53.129 Thread 0x00007f198400c800 Exception <a 'java/lang/NoSuchMethodError': <clinit>> (0x00000000f3442d10) thrown at [/HUDSON3/workspace/8-2-build-linux-amd64/jdk8u121/8372/hotspot/src/share/vm/prims/jni.cpp, line 1613]
Event: 53.131 Thread 0x00007f198400c800 Exception <a 'java/lang/NoSuchMethodError': <clinit>> (0x00000000f344d368) thrown at [/HUDSON3/workspace/8-2-build-linux-amd64/jdk8u121/8372/hotspot/src/share/vm/prims/jni.cpp, line 1613]
Event: 53.133 Thread 0x00007f198400c800 Exception <a 'java/lang/NoSuchMethodError': <clinit>> (0x00000000f3458998) thrown at [/HUDSON3/workspace/8-2-build-linux-amd64/jdk8u121/8372/hotspot/src/share/vm/prims/jni.cpp, line 1613]
Event: 53.265 Thread 0x00007f198400c800 Exception <a 'java/lang/NoSuchMethodError': <clinit>> (0x00000000f35f0690) thrown at [/HUDSON3/workspace/8-2-build-linux-amd64/jdk8u121/8372/hotspot/src/share/vm/prims/jni.cpp, line 1613]

Events (10 events):
Event: 55.400 loading class xsbt/CachedCompiler0$$anonfun$run$1 done
Event: 55.401 loading class xsbt/Message$
Event: 55.401 loading class xsbt/Message$ done
Event: 55.401 loading class xsbt/Message$$anon$1
Event: 55.401 loading class xsbt/Message$$anon$1 done
Event: 55.402 loading class sbt/Logger$$anonfun$log$5
Event: 55.402 loading class sbt/Logger$$anonfun$log$5 done
Event: 55.406 loading class xsbt/CachedCompiler0$$anonfun$run$2
Event: 55.406 loading class xsbt/CachedCompiler0$$anonfun$run$2 done
Event: 56.308 Executing VM operation: CollectForMetadataAllocation


Dynamic libraries:
00400000-00401000 r-xp 00000000 08:03 797070                             /usr/lib/jvm/java-8-jdk/jre/bin/java
00600000-00601000 rw-p 00000000 08:03 797070                             /usr/lib/jvm/java-8-jdk/jre/bin/java
00f52000-00f73000 rw-p 00000000 00:00 0                                  [heap]
c0000000-d9e80000 rw-p 00000000 00:00 0 
e5900000-eab00000 ---p 00000000 00:00 0 
eab00000-100000000 rw-p 00000000 00:00 0 
100000000-101160000 rw-p 00000000 00:00 0 
101160000-140000000 ---p 00000000 00:00 0 
7f1973a00000-7f1973aab000 rw-p 00000000 00:00 0 
7f1973aab000-7f1973c00000 ---p 00000000 00:00 0 
7f1973c00000-7f1973e00000 rw-p 00000000 00:00 0 
7f1973e00000-7f1974000000 rw-p 00000000 00:00 0 
7f1974000000-7f1974021000 rw-p 00000000 00:00 0 
7f1974021000-7f1978000000 ---p 00000000 00:00 0 
7f1978000000-7f1978021000 rw-p 00000000 00:00 0 
7f1978021000-7f197c000000 ---p 00000000 00:00 0 
7f197c000000-7f197c021000 rw-p 00000000 00:00 0 
7f197c021000-7f1980000000 ---p 00000000 00:00 0 
7f1980000000-7f1980024000 rw-p 00000000 00:00 0 
7f1980024000-7f1984000000 ---p 00000000 00:00 0 
7f1984000000-7f1984021000 rw-p 00000000 00:00 0 
7f1984021000-7f1988000000 ---p 00000000 00:00 0 
7f1988000000-7f1988030000 rw-p 00000000 00:00 0 
7f1988030000-7f198c000000 ---p 00000000 00:00 0 
7f198c000000-7f198c021000 rw-p 00000000 00:00 0 
7f198c021000-7f1990000000 ---p 00000000 00:00 0 
7f1990000000-7f1990021000 rw-p 00000000 00:00 0 
7f1990021000-7f1994000000 ---p 00000000 00:00 0 
7f1994000000-7f1994f87000 rw-p 00000000 00:00 0 
7f1994f87000-7f1998000000 ---p 00000000 00:00 0 
7f1998000000-7f1998086000 rw-p 00000000 00:00 0 
7f1998086000-7f199c000000 ---p 00000000 00:00 0 
7f199c000000-7f199c021000 rw-p 00000000 00:00 0 
7f199c021000-7f19a0000000 ---p 00000000 00:00 0 
7f19a016e000-7f19a036e000 rw-p 00000000 00:00 0 
7f19a036e000-7f19a056e000 rw-p 00000000 00:00 0 
7f19a056e000-7f19a0573000 r--s 00036000 00:24 64                         /tmp/sbt-global-pluginstub/boot/scala-2.10.4/org.scala-sbt/sbt/0.13.5/compiler-interface-bin_2.11.7__52.0/compiler-interface-bin_2.11.7__52.0-0.13.5_20140527T130009.jar
7f19a0573000-7f19a0577000 r--s 00031000 08:03 1975736                    /home/stefan/.ivy2/cache/jline/jline/jars/jline-2.12.1.jar
7f19a0577000-7f19a0582000 r--s 0005d000 08:03 2237431                    /home/stefan/.ivy2/cache/org.scala-lang.modules/scala-parser-combinators_2.11/bundles/scala-parser-combinators_2.11-1.0.4.jar
7f19a0582000-7f19a058d000 r--s 00094000 08:03 2104527                    /home/stefan/.ivy2/cache/org.scala-lang.modules/scala-xml_2.11/bundles/scala-xml_2.11-1.0.4.jar
7f19a058d000-7f19a05d9000 r--s 00412000 08:03 1975735                    /home/stefan/.ivy2/cache/org.scala-lang/scala-reflect/jars/scala-reflect-2.11.7.jar
7f19a05d9000-7f19a06df000 r--s 00d84000 08:03 1975734                    /home/stefan/.ivy2/cache/org.scala-lang/scala-compiler/jars/scala-compiler-2.11.7.jar
7f19a06df000-7f19a08df000 rw-p 00000000 00:00 0 
7f19a08df000-7f19a08e2000 ---p 00000000 00:00 0 
7f19a08e2000-7f19a0be0000 rw-p 00000000 00:00 0 
7f19a0be0000-7f19a0be3000 ---p 00000000 00:00 0 
7f19a0be3000-7f19a0ce1000 rw-p 00000000 00:00 0 
7f19a0ce1000-7f19a0ce4000 ---p 00000000 00:00 0 
7f19a0ce4000-7f19a0de2000 rw-p 00000000 00:00 0 
7f19a0de2000-7f19a0de5000 ---p 00000000 00:00 0 
7f19a0de5000-7f19a0ee3000 rw-p 00000000 00:00 0 
7f19a0ee3000-7f19a0ee6000 ---p 00000000 00:00 0 
7f19a0ee6000-7f19a0fe4000 rw-p 00000000 00:00 0 
7f19a0fe4000-7f19a0fe7000 ---p 00000000 00:00 0 
7f19a0fe7000-7f19a10e5000 rw-p 00000000 00:00 0 
7f19a10e5000-7f19a10e8000 ---p 00000000 00:00 0 
7f19a10e8000-7f19a11e6000 rw-p 00000000 00:00 0 
7f19a11e6000-7f19a11e9000 ---p 00000000 00:00 0 
7f19a11e9000-7f19a12e7000 rw-p 00000000 00:00 0 
7f19a12e7000-7f19a12ea000 ---p 00000000 00:00 0 
7f19a12ea000-7f19a13e8000 rw-p 00000000 00:00 0 
7f19a13e8000-7f19a13eb000 ---p 00000000 00:00 0 
7f19a13eb000-7f19a14e9000 rw-p 00000000 00:00 0 
7f19a14e9000-7f19a14ec000 ---p 00000000 00:00 0 
7f19a14ec000-7f19a15ea000 rw-p 00000000 00:00 0 
7f19a15ea000-7f19a15ed000 ---p 00000000 00:00 0 
7f19a15ed000-7f19a16eb000 rw-p 00000000 00:00 0 
7f19a16eb000-7f19a16ee000 ---p 00000000 00:00 0 
7f19a16ee000-7f19a17ec000 rw-p 00000000 00:00 0 
7f19a17ec000-7f19a17ef000 ---p 00000000 00:00 0 
7f19a17ef000-7f19a18ed000 rw-p 00000000 00:00 0 
7f19a18ed000-7f19a18f0000 ---p 00000000 00:00 0 
7f19a18f0000-7f19a19ee000 rw-p 00000000 00:00 0 
7f19a19ee000-7f19a19f1000 ---p 00000000 00:00 0 
7f19a19f1000-7f19a1aef000 rw-p 00000000 00:00 0 
7f19a1aef000-7f19a1af2000 ---p 00000000 00:00 0 
7f19a1af2000-7f19a1df0000 rw-p 00000000 00:00 0 
7f19a1df0000-7f19a1df3000 ---p 00000000 00:00 0 
7f19a1df3000-7f19a1ef1000 rw-p 00000000 00:00 0 
7f19a1ef1000-7f19a1ef4000 ---p 00000000 00:00 0 
7f19a1ef4000-7f19a1ff2000 rw-p 00000000 00:00 0 
7f19a1ff2000-7f19a1ff5000 ---p 00000000 00:00 0 
7f19a1ff5000-7f19a20f3000 rw-p 00000000 00:00 0 
7f19a20f3000-7f19a20f6000 ---p 00000000 00:00 0 
7f19a20f6000-7f19a23f4000 rw-p 00000000 00:00 0 
7f19a23f4000-7f19a25f4000 rw-p 00000000 00:00 0 
7f19a25f4000-7f19a27f4000 rw-p 00000000 00:00 0 
7f19a27f4000-7f19a27f7000 ---p 00000000 00:00 0 
7f19a27f7000-7f19a28f5000 rw-p 00000000 00:00 0 
7f19a28f5000-7f19a28f8000 ---p 00000000 00:00 0 
7f19a28f8000-7f19a29f6000 rw-p 00000000 00:00 0 
7f19a29f6000-7f19a29fa000 r--s 00026000 08:03 2369561                    /home/stefan/.ivy2/cache/com.typesafe.play/play-doc_2.11/jars/play-doc_2.11-1.2.2.jar
7f19a29fa000-7f19a2a25000 r--s 001f5000 08:03 2104525                    /home/stefan/.ivy2/cache/com.google.guava/guava/bundles/guava-16.0.1.jar
7f19a2a25000-7f19a2a6a000 r--s 0080d000 08:03 2369559                    /home/stefan/.ivy2/cache/com.typesafe.play/play-docs_2.11/jars/play-docs_2.11-2.4.2.jar
7f19a2a6a000-7f19a2ac3000 r--s 004f6000 08:03 1478558                    /home/stefan/.ivy2/cache/org.scala-lang/scala-library/jars/scala-library-2.11.6.jar
7f19a2ac3000-7f19a2aca000 r--s 000ba000 08:03 2237290                    /home/stefan/.ivy2/cache/mysql/mysql-connector-java/jars/mysql-connector-java-5.1.18.jar
7f19a2aca000-7f19a2acc000 r--s 0000d000 08:03 2237388                    /home/stefan/.ivy2/cache/commons-logging/commons-logging/jars/commons-logging-1.1.1.jar
7f19a2acc000-7f19a2ad4000 r--s 00040000 08:03 2237386                    /home/stefan/.ivy2/cache/org.apache.httpcomponents/httpclient/jars/httpclient-4.0.1.jar
7f19a2ad4000-7f19a2ad9000 r--s 00026000 08:03 2237384                    /home/stefan/.ivy2/cache/org.apache.httpcomponents/httpcore/jars/httpcore-4.0.1.jar
7f19a2ad9000-7f19a2ada000 r--s 00001000 08:03 2237382                    /home/stefan/.ivy2/cache/oauth.signpost/signpost-commonshttp4/jars/signpost-commonshttp4-1.2.1.2.jar
7f19a2ada000-7f19a2add000 r--s 00009000 08:03 2237380                    /home/stefan/.ivy2/cache/oauth.signpost/signpost-core/jars/signpost-core-1.2.1.2.jar
7f19a2add000-7f19a2ae7000 r--s 0007d000 08:03 2237378                    /home/stefan/.ivy2/cache/com.ning/async-http-client/jars/async-http-client-1.9.21.jar
7f19a2ae7000-7f19a2af2000 r--s 00086000 08:03 2237376                    /home/stefan/.ivy2/cache/com.typesafe.play/play-ws_2.11/jars/play-ws_2.11-2.4.2.jar
7f19a2af2000-7f19a2af4000 r--s 00005000 08:03 2237288                    /home/stefan/.ivy2/cache/com.typesafe.play/play-java-ws_2.11/jars/play-java-ws_2.11-2.4.2.jar
7f19a2af4000-7f19a2b0f000 r--s 0012e000 08:03 2237374                    /home/stefan/.ivy2/cache/net.sf.ehcache/ehcache-core/jars/ehcache-core-2.6.11.jar
7f19a2b0f000-7f19a2b12000 r--s 00010000 08:03 2237286                    /home/stefan/.ivy2/cache/com.typesafe.play/play-cache_2.11/jars/play-cache_2.11-2.4.2.jar
7f19a2b12000-7f19a2b17000 r--s 0002d000 08:03 2237372                    /home/stefan/.ivy2/cache/tyrex/tyrex/jars/tyrex-1.0.1.jar
7f19a2b17000-7f19a2b1a000 r--s 00016000 08:03 2237370                    /home/stefan/.ivy2/cache/com.zaxxer/HikariCP/bundles/HikariCP-2.3.7.jar
7f19a2b1a000-7f19a2b1d000 r--s 00019000 08:03 2237368                    /home/stefan/.ivy2/cache/com.jolbox/bonecp/bundles/bonecp-0.8.0.RELEASE.jar
7f19a2b1d000-7f19a2b1e000 r--s 00001000 08:03 2237366                    /home/stefan/.ivy2/cache/com.typesafe.play/play-jdbc-api_2.11/jars/play-jdbc-api_2.11-2.4.2.jar
7f19a2b1e000-7f19a2b21000 r--s 00017000 08:03 2237364                    /home/stefan/.ivy2/cache/com.typesafe.play/play-jdbc_2.11/jars/play-jdbc_2.11-2.4.2.jar
7f19a2b21000-7f19a2b22000 r--s 00002000 08:03 2237284                    /home/stefan/.ivy2/cache/com.typesafe.play/play-java-jdbc_2.11/jars/play-java-jdbc_2.11-2.4.2.jar
7f19a2b22000-7f19a2b23000 r--s 00001000 08:03 2237362                    /home/stefan/.ivy2/cache/com.typesafe.netty/netty-http-pipelining/jars/netty-http-pipelining-1.1.4.jar
7f19a2b23000-7f19a2b3c000 r--s 0012b000 08:03 2104526                    /home/stefan/.ivy2/cache/io.netty/netty/bundles/netty-3.10.3.Final.jar
7f19a2b3c000-7f19a2b42000 r--s 0002f000 08:03 2237282                    /home/stefan/.ivy2/cache/com.typesafe.play/play-netty-server_2.11/jars/play-netty-server_2.11-2.4.2.jar
7f19a2b42000-7f19a2b46000 r--s 00038000 08:03 2237354                    /home/stefan/.ivy2/cache/org.apache.tomcat/tomcat-servlet-api/jars/tomcat-servlet-api-8.0.21.jar
7f19a2b46000-7f19a2b49000 r--s 00006000 08:03 2237352                    /home/stefan/.ivy2/cache/com.google.code.findbugs/jsr305/jars/jsr305-2.0.3.jar
7f19a2b49000-7f19a2b4a000 r--s 00002000 08:03 2237350                    /home/stefan/.ivy2/cache/net.jodah/typetools/bundles/typetools-0.4.1.jar
7f19a2b4a000-7f19a2b4e000 r--s 0000f000 08:03 2237360                    /home/stefan/.ivy2/cache/com.google.code.findbugs/annotations/jars/annotations-2.0.1.jar
7f19a2b4e000-7f19a2b51000 r--s 00020000 08:03 2237348                    /home/stefan/.ivy2/cache/org.reflections/reflections/jars/reflections-0.9.9.jar
7f19a2b51000-7f19a2b5e000 r--s 000a0000 08:03 2237346                    /home/stefan/.ivy2/cache/org.springframework/spring-beans/jars/spring-beans-4.1.6.RELEASE.jar
7f19a2b5e000-7f19a2b73000 r--s 000e2000 08:03 2237344                    /home/stefan/.ivy2/cache/org.springframework/spring-core/jars/spring-core-4.1.6.RELEASE.jar
7f19a2b73000-7f19a2b8b000 r--s 000e3000 08:03 2237342                    /home/stefan/.ivy2/cache/org.springframework/spring-context/jars/spring-context-4.1.6.RELEASE.jar
7f19a2b8b000-7f19a2b8d000 r--s 0000f000 08:03 2237340                    /home/stefan/.ivy2/cache/org.jboss.logging/jboss-logging/jars/jboss-logging-3.2.1.Final.jar
7f19a2b8d000-7f19a2b8f000 r--s 0000d000 08:03 2237358                    /home/stefan/.ivy2/cache/com.fasterxml/classmate/bundles/classmate-1.0.0.jar
7f19a2b8f000-7f19a2b93000 r--s 0000c000 08:03 2237356                    /home/stefan/.ivy2/cache/javax.validation/validation-api/jars/validation-api-1.1.0.Final.jar
7f19a2b93000-7f19a2ba0000 r--s 00080000 08:03 2237338                    /home/stefan/.ivy2/cache/org.hibernate/hibernate-validator/jars/hibernate-validator-5.0.3.Final.jar
7f19a2ba0000-7f19a2ba6000 r--s 0003c000 08:03 2237336                    /home/stefan/.ivy2/cache/org.yaml/snakeyaml/bundles/snakeyaml-1.15.jar
7f19a2ba6000-7f19a2bab000 r--s 00015000 08:03 2237334                    /home/stefan/.ivy2/cache/org.scala-lang.modules/scala-java8-compat_2.11/bundles/scala-java8-compat_2.11-0.3.0.jar
7f19a2bab000-7f19a2bae000 r--s 00019000 08:03 2104515                    /home/stefan/.ivy2/cache/com.typesafe.play/play-java_2.11/jars/play-java_2.11-2.4.2.jar
7f19a2bae000-7f19a2bb0000 r--s 00009000 08:03 2237326                    /home/stefan/.ivy2/cache/com.google.inject.extensions/guice-assistedinject/jars/guice-assistedinject-4.0.jar
7f19a2bb0000-7f19a2bbe000 r--s 00096000 08:03 2237324                    /home/stefan/.ivy2/cache/com.google.inject/guice/jars/guice-4.0.jar
7f19a2bbe000-7f19a2bbf000 r--s 00003000 08:03 2237322                    /home/stefan/.ivy2/cache/javax.transaction/jta/jars/jta-1.1.jar
7f19a2bbf000-7f19a2bc8000 r--s 0002d000 08:03 2237332                    /home/stefan/.ivy2/cache/xml-apis/xml-apis/jars/xml-apis-1.4.01.jar
7f19a2bc8000-7f19a2be1000 r--s 00135000 08:03 2237320                    /home/stefan/.ivy2/cache/xerces/xercesImpl/jars/xercesImpl-2.11.0.jar
7f19a2be1000-7f19a2be8000 r--s 0003f000 08:03 2237314                    /home/stefan/.ivy2/cache/commons-codec/commons-codec/jars/commons-codec-1.10.jar
7f19a2be8000-7f19a2be9000 r--s 00003000 08:03 2237306                    /home/stefan/.ivy2/cache/com.typesafe.akka/akka-slf4j_2.11/jars/akka-slf4j_2.11-2.3.11.jar
7f19a2be9000-7f19a2c10000 r--s 0025c000 08:03 2237304                    /home/stefan/.ivy2/cache/com.typesafe.akka/akka-actor_2.11/jars/akka-actor_2.11-2.3.11.jar
7f19a2c10000-7f19a2c16000 r--s 0003f000 08:03 2237302                    /home/stefan/.ivy2/cache/ch.qos.logback/logback-classic/jars/logback-classic-1.1.3.jar
7f19a2c16000-7f19a2c21000 r--s 00065000 08:03 2237300                    /home/stefan/.ivy2/cache/ch.qos.logback/logback-core/jars/logback-core-1.1.3.jar
7f19a2c21000-7f19a2c2c000 r--s 0005c000 08:03 2237294                    /home/stefan/.ivy2/cache/org.scala-lang.modules/scala-parser-combinators_2.11/bundles/scala-parser-combinators_2.11-1.0.1.jar
7f19a2c2c000-7f19a2c2e000 r--s 00003000 08:03 2237298                    /home/stefan/.ivy2/cache/org.slf4j/jcl-over-slf4j/jars/jcl-over-slf4j-1.7.12.jar
7f19a2c2e000-7f19a2c30000 r--s 00000000 08:03 2237296                    /home/stefan/.ivy2/cache/org.slf4j/jul-to-slf4j/jars/jul-to-slf4j-1.7.12.jar
7f19a2c30000-7f19a2c31000 r--s 00004000 08:03 2237292                    /home/stefan/.ivy2/cache/com.typesafe.play/play-netty-utils/jars/play-netty-utils-2.4.2.jar
7f19a2c31000-7f19a2c34000 r--s 0000c000 08:03 2237310                    /home/stefan/.ivy2/cache/com.fasterxml.jackson.datatype/jackson-datatype-jsr310/bundles/jackson-datatype-jsr310-2.5.4.jar
7f19a2c34000-7f19a2c36000 r--s 00003000 08:03 2237308                    /home/stefan/.ivy2/cache/com.fasterxml.jackson.datatype/jackson-datatype-jdk8/bundles/jackson-datatype-jdk8-2.5.4.jar
7f19a2c36000-7f19a2c48000 r--s 00106000 08:03 2104524                    /home/stefan/.ivy2/cache/com.fasterxml.jackson.core/jackson-databind/bundles/jackson-databind-2.5.4.jar
7f19a2c48000-7f19a2c4a000 r--s 00008000 08:03 2104523                    /home/stefan/.ivy2/cache/com.fasterxml.jackson.core/jackson-annotations/bundles/jackson-annotations-2.5.4.jar
7f19a2c4a000-7f19a2c4e000 r--s 00035000 08:03 2104522                    /home/stefan/.ivy2/cache/com.fasterxml.jackson.core/jackson-core/bundles/jackson-core-2.5.4.jar
7f19a2c4e000-7f19a2c9a000 r--s 003f3000 08:03 1975731                    /home/stefan/.ivy2/cache/org.scala-lang/scala-reflect/jars/scala-reflect-2.11.6.jar
7f19a2c9a000-7f19a2c9e000 r--s 00016000 08:03 2237318                    /home/stefan/.ivy2/cache/org.joda/joda-convert/jars/joda-convert-1.7.jar
7f19a2c9e000-7f19a2cae000 r--s 00088000 08:03 2237316                    /home/stefan/.ivy2/cache/joda-time/joda-time/jars/joda-time-2.8.1.jar
7f19a2cae000-7f19a2caf000 r--s 00001000 08:03 2237330                    /home/stefan/.ivy2/cache/com.typesafe.play/play-datacommons_2.11/jars/play-datacommons_2.11-2.4.2.jar
7f19a2caf000-7f19a2cb8000 r--s 00059000 08:03 2237328                    /home/stefan/.ivy2/cache/com.typesafe.play/play-functional_2.11/jars/play-functional_2.11-2.4.2.jar
7f19a2cb8000-7f19a2cc4000 r--s 0008c000 08:03 2104521                    /home/stefan/.ivy2/cache/com.typesafe.play/play-json_2.11/jars/play-json_2.11-2.4.2.jar
7f19a2cc4000-7f19a2ccd000 r--s 00091000 08:03 2237312                    /home/stefan/.ivy2/cache/org.scala-stm/scala-stm_2.11/jars/scala-stm_2.11-0.7.jar
7f19a2ccd000-7f19a2ce0000 r--s 000a9000 08:03 2104519                    /home/stefan/.ivy2/cache/com.typesafe.play/play-iteratees_2.11/jars/play-iteratees_2.11-2.4.2.jar
7f19a2ce0000-7f19a2d2f000 r--s 00350000 08:03 1975730                    /home/stefan/.ivy2/cache/com.typesafe.play/play_2.11/jars/play_2.11-2.4.2.jar
7f19a2d2f000-7f19a2d36000 r--s 00037000 08:03 1975728                    /home/stefan/.ivy2/cache/com.typesafe.play/play-server_2.11/jars/play-server_2.11-2.4.2.jar
7f19a2d36000-7f19a2d41000 r--s 00096000 08:03 2104517                    /home/stefan/.ivy2/cache/org.scala-lang.modules/scala-xml_2.11/bundles/scala-xml_2.11-1.0.1.jar
7f19a2d41000-7f19a2d43000 r--s 0000d000 08:03 1975726                    /home/stefan/.ivy2/cache/com.typesafe.play/twirl-api_2.11/jars/twirl-api_2.11-1.1.1.jar
7f19a2d43000-7f19a2d9b000 r--s 00523000 08:03 1478557                    /home/stefan/.ivy2/cache/org.scala-lang/scala-library/jars/scala-library-2.11.7.jar
7f19a2d9b000-7f19a2de7000 r--s 0092d000 08:03 2369557                    /home/stefan/.ivy2/cache/com.typesafe.play/play-omnidoc_2.11/jars/play-omnidoc_2.11-2.4.2.jar
7f19a2de7000-7f19a2dea000 ---p 00000000 00:00 0 
7f19a2dea000-7f19a30e8000 rw-p 00000000 00:00 0 
7f19a30e8000-7f19a32e8000 rw-p 00000000 00:00 0 
7f19a32e8000-7f19a34e8000 rw-p 00000000 00:00 0 
7f19a34e8000-7f19a36e8000 rw-p 00000000 00:00 0 
7f19a36e8000-7f19a3704000 r--s 00393000 08:03 796996                     /usr/lib/jvm/java-8-jdk/jre/lib/ext/cldrdata.jar
7f19a3704000-7f19a3705000 r--s 00010000 08:03 796995                     /usr/lib/jvm/java-8-jdk/jre/lib/ext/zipfs.jar
7f19a3705000-7f19a3706000 r--s 0000a000 08:03 796997                     /usr/lib/jvm/java-8-jdk/jre/lib/ext/jaccess.jar
7f19a3706000-7f19a3710000 r--s 00116000 08:03 796999                     /usr/lib/jvm/java-8-jdk/jre/lib/ext/localedata.jar
7f19a3710000-7f19a3712000 r--s 00001000 08:03 797005                     /usr/lib/jvm/java-8-jdk/jre/lib/ext/dnsns.jar
7f19a3712000-7f19a37a7000 r--s 01109000 08:03 797003                     /usr/lib/jvm/java-8-jdk/jre/lib/ext/jfxrt.jar
7f19a37a7000-7f19a37c2000 r--s 001d3000 08:03 797000                     /usr/lib/jvm/java-8-jdk/jre/lib/ext/nashorn.jar
7f19a37c2000-7f19a37c7000 r--s 00084000 08:03 796860                     /usr/lib/jvm/java-8-jdk/jre/lib/jfr.jar
7f19a37c7000-7f19a37cc000 r--s 002f9000 08:03 796872                     /usr/lib/jvm/java-8-jdk/jre/lib/charsets.jar
7f19a37cc000-7f19a39cc000 rw-p 00000000 00:00 0 
7f19a39cc000-7f19a39d4000 r--s 00053000 08:03 2370828                    /home/stefan/.ivy2/cache/scala_2.10/sbt_0.13/com.github.mpeltonen/sbt-idea/jars/sbt-idea-1.7.0-SNAPSHOT.jar
7f19a39d4000-7f19a3a24000 r--s 0028c000 08:03 2104265                    /home/stefan/.ivy2/cache/org.webjars/npm/jars/npm-2.11.2.jar
7f19a3a24000-7f19a3a25000 r--s 00001000 08:03 2104215                    /home/stefan/.ivy2/cache/com.typesafe/npm_2.10/jars/npm_2.10-1.1.1.jar
7f19a3a25000-7f19a3a26000 r--s 00007000 08:03 2104263                    /home/stefan/.ivy2/cache/org.slf4j/slf4j-api/jars/slf4j-api-1.7.12.jar
7f19a3a26000-7f19a3a27000 r--s 00002000 08:03 2104227                    /home/stefan/.ivy2/cache/org.slf4j/slf4j-simple/jars/slf4j-simple-1.7.12.jar
7f19a3a27000-7f19a3a2b000 r--s 00043000 08:03 2104225                    /home/stefan/.ivy2/cache/io.spray/spray-json_2.10/bundles/spray-json_2.10-1.3.2.jar
7f19a3a2b000-7f19a3a2f000 r--s 000ac000 08:03 2104223                    /home/stefan/.ivy2/cache/io.apigee.trireme/trireme-node10src/jars/trireme-node10src-0.8.5.jar
7f19a3a2f000-7f19a3a3c000 r--s 0010f000 08:03 2104261                    /home/stefan/.ivy2/cache/io.apigee/rhino/jars/rhino-1.7R5pre4.jar
7f19a3a3c000-7f19a3a44000 r--s 00060000 08:03 2104221                    /home/stefan/.ivy2/cache/io.apigee.trireme/trireme-core/jars/trireme-core-0.8.5.jar
7f19a3a44000-7f19a3a45000 r--s 0001e000 08:03 2104257                    /home/stefan/.ivy2/cache/org.fusesource.leveldbjni/leveldbjni-win64/jars/leveldbjni-win64-1.5.jar
7f19a3a45000-7f19a3a46000 r--s 0001b000 08:03 2104255                    /home/stefan/.ivy2/cache/org.fusesource.leveldbjni/leveldbjni-win32/jars/leveldbjni-win32-1.5.jar
7f19a3a46000-7f19a3a47000 r--s 00044000 08:03 2104253                    /home/stefan/.ivy2/cache/org.fusesource.leveldbjni/leveldbjni-linux64/jars/leveldbjni-linux64-1.5.jar
7f19a3a47000-7f19a3a49000 r--s 0000c000 08:03 2104247                    /home/stefan/.ivy2/cache/org.fusesource.leveldbjni/leveldbjni/jars/leveldbjni-1.7.jar
7f19a3a49000-7f19a3a4c000 r--s 000fa000 08:03 2104243                    /home/stefan/.ivy2/cache/org.fusesource.leveldbjni/leveldbjni-all/bundles/leveldbjni-all-1.7.jar
7f19a3a4c000-7f19a3a5a000 r--s 000bf000 08:03 2104233                    /home/stefan/.ivy2/cache/com.typesafe.akka/akka-persistence-experimental_2.10/jars/akka-persistence-experimental_2.10-2.3.11.jar
7f19a3a5a000-7f19a3a6a000 r--s 000f7000 08:03 2104231                    /home/stefan/.ivy2/cache/com.typesafe.akka/akka-cluster_2.10/jars/akka-cluster_2.10-2.3.11.jar
7f19a3a6a000-7f19a3a82000 r--s 00115000 08:03 2104235                    /home/stefan/.ivy2/cache/io.netty/netty/bundles/netty-3.8.0.Final.jar
7f19a3a82000-7f19a3aa8000 r--s 00263000 08:03 2104217                    /home/stefan/.ivy2/cache/com.typesafe.akka/akka-actor_2.10/jars/akka-actor_2.10-2.3.11.jar
7f19a3aa8000-7f19a3ae8000 r--s 00277000 08:03 2104203                    /home/stefan/.ivy2/cache/org.bouncycastle/bcprov-jdk15on/jars/bcprov-jdk15on-1.51.jar
7f19a3ae8000-7f19a3ce8000 rw-p 00000000 00:00 0 
7f19a3ce8000-7f19a3ceb000 ---p 00000000 00:00 0 
7f19a3ceb000-7f19a3de9000 rw-p 00000000 00:00 0 
7f19a3de9000-7f19a3dff000 r-xp 00000000 08:03 149656                     /usr/lib/libgcc_s.so.1
7f19a3dff000-7f19a3ffe000 ---p 00016000 08:03 149656                     /usr/lib/libgcc_s.so.1
7f19a3ffe000-7f19a3fff000 r--p 00015000 08:03 149656                     /usr/lib/libgcc_s.so.1
7f19a3fff000-7f19a4000000 rw-p 00016000 08:03 149656                     /usr/lib/libgcc_s.so.1
7f19a4000000-7f19a470f000 rw-p 00000000 00:00 0 
7f19a470f000-7f19a8000000 ---p 00000000 00:00 0 
7f19a8000000-7f19a8030000 rw-p 00000000 00:00 0 
7f19a8030000-7f19ac000000 ---p 00000000 00:00 0 
7f19ac000000-7f19ac2e5000 rw-p 00000000 00:00 0 
7f19ac2e5000-7f19b0000000 ---p 00000000 00:00 0 
7f19b0000000-7f19b0043000 rw-p 00000000 00:00 0 
7f19b0043000-7f19b4000000 ---p 00000000 00:00 0 
7f19b4000000-7f19b4021000 rw-p 00000000 00:00 0 
7f19b4021000-7f19b8000000 ---p 00000000 00:00 0 
7f19b8000000-7f19b8030000 rw-p 00000000 00:00 0 
7f19b8030000-7f19bc000000 ---p 00000000 00:00 0 
7f19bc000000-7f19bc021000 rw-p 00000000 00:00 0 
7f19bc021000-7f19c0000000 ---p 00000000 00:00 0 
7f19c0000000-7f19c0021000 rw-p 00000000 00:00 0 
7f19c0021000-7f19c4000000 ---p 00000000 00:00 0 
7f19c4000000-7f19c5618000 rw-p 00000000 00:00 0 
7f19c5618000-7f19c8000000 ---p 00000000 00:00 0 
7f19c8000000-7f19c9734000 rw-p 00000000 00:00 0 
7f19c9734000-7f19cc000000 ---p 00000000 00:00 0 
7f19cc000000-7f19cc021000 rw-p 00000000 00:00 0 
7f19cc021000-7f19d0000000 ---p 00000000 00:00 0 
7f19d0000000-7f19d1e25000 rw-p 00000000 00:00 0 
7f19d1e25000-7f19d4000000 ---p 00000000 00:00 0 
7f19d4000000-7f19d4021000 rw-p 00000000 00:00 0 
7f19d4021000-7f19d8000000 ---p 00000000 00:00 0 
7f19d8000000-7f19d8021000 rw-p 00000000 00:00 0 
7f19d8021000-7f19dc000000 ---p 00000000 00:00 0 
7f19dc000000-7f19dc02e000 rw-p 00000000 00:00 0 
7f19dc02e000-7f19e0000000 ---p 00000000 00:00 0 
7f19e0000000-7f19e02a0000 rw-p 00000000 00:00 0 
7f19e02a0000-7f19e4000000 ---p 00000000 00:00 0 
7f19e4000000-7f19e4021000 rw-p 00000000 00:00 0 
7f19e4021000-7f19e8000000 ---p 00000000 00:00 0 
7f19e8000000-7f19e8001000 r--s 00044000 08:03 2104251                    /home/stefan/.ivy2/cache/org.fusesource.leveldbjni/leveldbjni-linux32/jars/leveldbjni-linux32-1.5.jar
7f19e8001000-7f19e8003000 r--s 00001000 08:03 2104245                    /home/stefan/.ivy2/cache/org.iq80.leveldb/leveldb-api/jars/leveldb-api-0.5.jar
7f19e8003000-7f19e8007000 r--s 00034000 08:03 2104241                    /home/stefan/.ivy2/cache/org.iq80.leveldb/leveldb/jars/leveldb-0.5.jar
7f19e8007000-7f19e800f000 r--s 0007b000 08:03 2104237                    /home/stefan/.ivy2/cache/com.google.protobuf/protobuf-java/bundles/protobuf-java-2.5.0.jar
7f19e800f000-7f19e820f000 rw-p 00000000 00:00 0 
7f19e820f000-7f19e8241000 r-xp 00000000 08:03 796972                     /usr/lib/jvm/java-8-jdk/jre/lib/amd64/libsunec.so
7f19e8241000-7f19e8440000 ---p 00032000 08:03 796972                     /usr/lib/jvm/java-8-jdk/jre/lib/amd64/libsunec.so
7f19e8440000-7f19e8446000 rw-p 00031000 08:03 796972                     /usr/lib/jvm/java-8-jdk/jre/lib/amd64/libsunec.so
7f19e8446000-7f19e8456000 rw-p 00000000 00:00 0 
7f19e8456000-7f19e8459000 ---p 00000000 00:00 0 
7f19e8459000-7f19e8557000 rw-p 00000000 00:00 0 
7f19e8557000-7f19e856a000 r-xp 00000000 08:03 131846                     /usr/lib/libresolv-2.25.so
7f19e856a000-7f19e8769000 ---p 00013000 08:03 131846                     /usr/lib/libresolv-2.25.so
7f19e8769000-7f19e876a000 r--p 00012000 08:03 131846                     /usr/lib/libresolv-2.25.so
7f19e876a000-7f19e876b000 rw-p 00013000 08:03 131846                     /usr/lib/libresolv-2.25.so
7f19e876b000-7f19e876d000 rw-p 00000000 00:00 0 
7f19e876d000-7f19e8772000 r-xp 00000000 08:03 132232                     /usr/lib/libnss_dns-2.25.so
7f19e8772000-7f19e8971000 ---p 00005000 08:03 132232                     /usr/lib/libnss_dns-2.25.so
7f19e8971000-7f19e8972000 r--p 00004000 08:03 132232                     /usr/lib/libnss_dns-2.25.so
7f19e8972000-7f19e8973000 rw-p 00005000 08:03 132232                     /usr/lib/libnss_dns-2.25.so
7f19e8973000-7f19e8b73000 rw-p 00000000 00:00 0 
7f19e8b73000-7f19e8d73000 rw-p 00000000 00:00 0 
7f19e8d73000-7f19e8d76000 ---p 00000000 00:00 0 
7f19e8d76000-7f19e9074000 rw-p 00000000 00:00 0 
7f19e9074000-7f19e9077000 ---p 00000000 00:00 0 
7f19e9077000-7f19e9175000 rw-p 00000000 00:00 0 
7f19e9175000-7f19e9178000 ---p 00000000 00:00 0 
7f19e9178000-7f19e9276000 rw-p 00000000 00:00 0 
7f19e9276000-7f19e9279000 ---p 00000000 00:00 0 
7f19e9279000-7f19e9577000 rw-p 00000000 00:00 0 
7f19e9577000-7f19e9777000 rw-p 00000000 00:00 0 
7f19e9777000-7f19e9977000 rw-p 00000000 00:00 0 
7f19e9977000-7f19e9b77000 rw-p 00000000 00:00 0 
7f19e9b77000-7f19e9d77000 rw-p 00000000 00:00 0 
7f19e9d77000-7f19e9f77000 rw-p 00000000 00:00 0 
7f19e9f77000-7f19ea177000 rw-p 00000000 00:00 0 
7f19ea177000-7f19ea18d000 r--s 00135000 08:03 2104229                    /home/stefan/.ivy2/cache/com.typesafe.akka/akka-remote_2.10/jars/akka-remote_2.10-2.3.11.jar
7f19ea18d000-7f19ea19c000 r--s 000bf000 08:03 2104219                    /home/stefan/.ivy2/cache/com.typesafe.akka/akka-contrib_2.10/jars/akka-contrib_2.10-2.3.11.jar
7f19ea19c000-7f19ea1a0000 r--s 00022000 08:03 1975674                    /home/stefan/.ivy2/cache/com.typesafe/jse_2.10/jars/jse_2.10-1.1.2.jar
7f19ea1a0000-7f19ea1a3000 r--s 00019000 08:03 2104139                    /home/stefan/.ivy2/cache/com.typesafe.play/twirl-compiler_2.10/jars/twirl-compiler_2.10-1.1.1.jar
7f19ea1a3000-7f19ea1a6000 r--s 00011000 08:03 2104121                    /home/stefan/.ivy2/cache/scala_2.10/sbt_0.13/com.typesafe.sbt/sbt-twirl/jars/sbt-twirl-1.1.1.jar
7f19ea1a6000-7f19ea1a8000 r--s 000a0000 08:03 2104119                    /home/stefan/.ivy2/cache/net.contentobjects.jnotify/jnotify/jars/jnotify-0.94-play-1.jar
7f19ea1a8000-7f19ea1b6000 r--s 00191000 08:03 2104117                    /home/stefan/.ivy2/cache/com.h2database/h2/jars/h2-1.4.187.jar
7f19ea1b6000-7f19ea1e1000 r--s 001fc000 08:03 2104115                    /home/stefan/.ivy2/cache/com.google.guava/guava/bundles/guava-18.0.jar
7f19ea1e1000-7f19ea1e6000 r--s 0003f000 08:03 2104113                    /home/stefan/.ivy2/cache/com.typesafe/config/bundles/config-1.3.0.jar
7f19ea1e6000-7f19ea1ef000 r--s 000ae000 08:03 2104127                    /home/stefan/.ivy2/cache/org.javassist/javassist/bundles/javassist-3.19.0-GA.jar
7f19ea1ef000-7f19ea1f1000 r--s 00000000 08:03 2104137                    /home/stefan/.ivy2/cache/com.typesafe.play/play-exceptions/jars/play-exceptions-2.4.2.jar
7f19ea1f1000-7f19ea1f2000 r--s 00000000 08:03 2104135                    /home/stefan/.ivy2/cache/com.typesafe.play/build-link/jars/build-link-2.4.2.jar
7f19ea1f2000-7f19ea1f6000 r--s 00021000 08:03 2104111                    /home/stefan/.ivy2/cache/com.typesafe.play/sbt-run-support_2.10/jars/sbt-run-support_2.10-2.4.2.jar
7f19ea1f6000-7f19ea1fa000 r--s 0002a000 08:03 2104131                    /home/stefan/.ivy2/cache/commons-io/commons-io/jars/commons-io-2.4.jar
7f19ea1fa000-7f19ea201000 r--s 00064000 08:03 2104133                    /home/stefan/.ivy2/cache/org.apache.commons/commons-lang3/jars/commons-lang3-3.4.jar
7f19ea201000-7f19ea203000 r--s 0000d000 08:03 2104129                    /home/stefan/.ivy2/cache/com.typesafe.play/twirl-api_2.10/jars/twirl-api_2.10-1.1.1.jar
7f19ea203000-7f19ea213000 r--s 00083000 08:03 2104109                    /home/stefan/.ivy2/cache/com.typesafe.play/routes-compiler_2.10/jars/routes-compiler_2.10-2.4.2.jar
7f19ea213000-7f19ea21c000 r--s 00054000 08:03 2104107                    /home/stefan/.ivy2/cache/scala_2.10/sbt_0.13/com.typesafe.play/sbt-plugin/jars/sbt-plugin-2.4.2.jar
7f19ea21c000-7f19ea21f000 r--s 0001a000 08:03 796845                     /usr/lib/jvm/java-8-jdk/jre/lib/jce.jar
7f19ea21f000-7f19ea222000 ---p 00000000 00:00 0 
7f19ea222000-7f19ea320000 rw-p 00000000 00:00 0 
7f19ea320000-7f19ea321000 r--s 00028000 08:03 2104249                    /home/stefan/.ivy2/cache/org.fusesource.leveldbjni/leveldbjni-osx/jars/leveldbjni-osx-1.5.jar
7f19ea321000-7f19ea323000 r--s 0000a000 08:03 2104239                    /home/stefan/.ivy2/cache/org.uncommons.maths/uncommons-maths/jars/uncommons-maths-1.2.2a.jar
7f19ea323000-7f19ea327000 r--s 00020000 08:03 2104125                    /home/stefan/.ivy2/cache/scala_2.10/sbt_0.13/com.typesafe.sbt/sbt-js-engine/jars/sbt-js-engine-1.1.3.jar
7f19ea327000-7f19ea32a000 r--s 0002e000 08:03 2104213                    /home/stefan/.ivy2/cache/com.fasterxml.jackson.core/jackson-core/bundles/jackson-core-2.3.3.jar
7f19ea32a000-7f19ea32c000 r--s 00007000 08:03 2104211                    /home/stefan/.ivy2/cache/com.fasterxml.jackson.core/jackson-annotations/bundles/jackson-annotations-2.3.0.jar
7f19ea32c000-7f19ea33d000 r--s 000cf000 08:03 2104209                    /home/stefan/.ivy2/cache/com.fasterxml.jackson.core/jackson-databind/bundles/jackson-databind-2.3.3.jar
7f19ea33d000-7f19ea33f000 r--s 00009000 08:03 797002                     /usr/lib/jvm/java-8-jdk/jre/lib/ext/sunec.jar
7f19ea33f000-7f19ea343000 r--s 0003a000 08:03 797004                     /usr/lib/jvm/java-8-jdk/jre/lib/ext/sunpkcs11.jar
7f19ea343000-7f19ea344000 r--s 00004000 08:03 2104259                    /home/stefan/.ivy2/cache/org.fusesource.hawtjni/hawtjni-runtime/jars/hawtjni-runtime-1.8.jar
7f19ea344000-7f19ea34b000 r--s 00056000 08:03 1975672                    /home/stefan/.ivy2/cache/org.apache.commons/commons-compress/jars/commons-compress-1.9.jar
7f19ea34b000-7f19ea34c000 r--s 00006000 08:03 2104207                    /home/stefan/.ivy2/cache/org.webjars/webjars-locator-core/jars/webjars-locator-core-0.26.jar
7f19ea34c000-7f19ea34e000 r--s 00002000 08:03 2104205                    /home/stefan/.ivy2/cache/org.webjars/webjars-locator/jars/webjars-locator-0.26.jar
7f19ea34e000-7f19ea356000 r--s 0003e000 08:03 1975670                    /home/stefan/.ivy2/cache/scala_2.10/sbt_0.13/com.typesafe.sbt/sbt-web/jars/sbt-web-1.2.2.jar
7f19ea356000-7f19ea35d000 r--s 00038000 08:03 2104151                    /home/stefan/.ivy2/cache/org.bouncycastle/bcpg-jdk15on/jars/bcpg-jdk15on-1.51.jar
7f19ea35d000-7f19ea35e000 r--s 00004000 08:03 2104201                    /home/stefan/.ivy2/cache/org.apache.ant/ant-launcher/jars/ant-launcher-1.9.3.jar
7f19ea35e000-7f19ea37d000 r--s 001cc000 08:03 2104149                    /home/stefan/.ivy2/cache/org.apache.ant/ant/jars/ant-1.9.3.jar
7f19ea37d000-7f19ea381000 r--s 00020000 08:03 2104167                    /home/stefan/.ivy2/cache/org.eclipse.aether/aether-impl/jars/aether-impl-0.9.0.M2.jar
7f19ea381000-7f19ea385000 r--s 0001d000 08:03 2104171                    /home/stefan/.ivy2/cache/org.eclipse.aether/aether-util/jars/aether-util-0.9.0.M2.jar
7f19ea385000-7f19ea387000 r--s 00003000 08:03 2104199                    /home/stefan/.ivy2/cache/org.eclipse.aether/aether-spi/jars/aether-spi-0.9.0.M2.jar
7f19ea387000-7f19ea38b000 r--s 0001d000 08:03 2104169                    /home/stefan/.ivy2/cache/org.eclipse.aether/aether-api/jars/aether-api-0.9.0.M2.jar
7f19ea38b000-7f19ea38d000 r--s 0000e000 08:03 2104165                    /home/stefan/.ivy2/cache/org.apache.maven/maven-aether-provider/jars/maven-aether-provider-3.2.2.jar
7f19ea38d000-7f19ea392000 r--s 00025000 08:03 2104163                    /home/stefan/.ivy2/cache/org.apache.maven/maven-model-builder/jars/maven-model-builder-3.2.2.jar
7f19ea392000-7f19ea395000 r--s 0000a000 08:03 2104179                    /home/stefan/.ivy2/cache/org.codehaus.plexus/plexus-classworlds/bundles/plexus-classworlds-2.5.1.jar
7f19ea395000-7f19ea39b000 r--s 00042000 08:03 2104191                    /home/stefan/.ivy2/cache/org.eclipse.sisu/org.eclipse.sisu.inject/eclipse-plugins/org.eclipse.sisu.inject-0.0.0.M5.jar
7f19ea39b000-7f19ea39d000 r--s 00000000 08:03 2104197                    /home/stefan/.ivy2/cache/aopalliance/aopalliance/jars/aopalliance-1.0.jar
7f19ea39d000-7f19ea3a5000 r--s 00050000 08:03 2104189                    /home/stefan/.ivy2/cache/org.sonatype.sisu/sisu-guice/jars/sisu-guice-3.1.3-no_aop.jar
7f19ea3a5000-7f19ea3a6000 r--s 00000000 08:03 2104195                    /home/stefan/.ivy2/cache/javax.inject/javax.inject/jars/javax.inject-1.jar
7f19ea3a6000-7f19ea3a7000 r--s 00001000 08:03 2104193                    /home/stefan/.ivy2/cache/javax.annotation/jsr250-api/jars/jsr250-api-1.0.jar
7f19ea3a7000-7f19ea3aa000 r--s 00008000 08:03 2104187                    /home/stefan/.ivy2/cache/javax.enterprise/cdi-api/jars/cdi-api-1.0.jar
7f19ea3aa000-7f19ea3b0000 r--s 0002a000 08:03 2104173                    /home/stefan/.ivy2/cache/org.eclipse.sisu/org.eclipse.sisu.plexus/eclipse-plugins/org.eclipse.sisu.plexus-0.0.0.M5.jar
7f19ea3b0000-7f19ea3b2000 r--s 0000a000 08:03 2104147                    /home/stefan/.ivy2/cache/org.apache.maven/maven-plugin-api/jars/maven-plugin-api-3.2.2.jar
7f19ea3b2000-7f19ea3b5000 r--s 0000b000 08:03 2104161                    /home/stefan/.ivy2/cache/org.apache.maven/maven-artifact/jars/maven-artifact-3.2.2.jar
7f19ea3b5000-7f19ea3b7000 r--s 00005000 08:03 2104159                    /home/stefan/.ivy2/cache/org.apache.maven/maven-repository-metadata/jars/maven-repository-metadata-3.2.2.jar
7f19ea3b7000-7f19ea3b9000 r--s 00002000 08:03 2104185                    /home/stefan/.ivy2/cache/org.sonatype.plexus/plexus-cipher/jars/plexus-cipher-1.7.jar
7f19ea3b9000-7f19ea3ba000 r--s 00006000 08:03 2104183                    /home/stefan/.ivy2/cache/org.sonatype.plexus/plexus-sec-dispatcher/jars/plexus-sec-dispatcher-1.3.jar
7f19ea3ba000-7f19ea3bc000 r--s 00000000 08:03 2104181                    /home/stefan/.ivy2/cache/org.codehaus.plexus/plexus-component-annotations/jars/plexus-component-annotations-1.5.5.jar
7f19ea3bc000-7f19ea3bf000 r--s 0000d000 08:03 2104175                    /home/stefan/.ivy2/cache/org.codehaus.plexus/plexus-interpolation/jars/plexus-interpolation-1.19.jar
7f19ea3bf000-7f19ea3c1000 r--s 00009000 08:03 2104157                    /home/stefan/.ivy2/cache/org.apache.maven/maven-settings-builder/jars/maven-settings-builder-3.2.2.jar
7f19ea3c1000-7f19ea3c5000 r--s 0003a000 08:03 2104177                    /home/stefan/.ivy2/cache/org.codehaus.plexus/plexus-utils/jars/plexus-utils-3.0.17.jar
7f19ea3c5000-7f19ea3d1000 r--s 00081000 08:03 2104145                    /home/stefan/.ivy2/cache/org.apache.maven/maven-core/jars/maven-core-3.2.2.jar
7f19ea3d1000-7f19ea3e7000 r--s 0010a000 08:03 2104143                    /home/stefan/.ivy2/cache/org.vafer/jdeb/jars/jdeb-1.3.jar
7f19ea3e7000-7f19ea400000 r--s 000e7000 08:03 2104123                    /home/stefan/.ivy2/cache/scala_2.10/sbt_0.13/com.typesafe.sbt/sbt-native-packager/jars/sbt-native-packager-1.0.1.jar
7f19ea400000-7f19ea406000 r--s 0003f000 08:03 797001                     /usr/lib/jvm/java-8-jdk/jre/lib/ext/sunjce_provider.jar
7f19ea406000-7f19ea408000 r--s 00009000 08:03 2104155                    /home/stefan/.ivy2/cache/org.apache.maven/maven-settings/jars/maven-settings-3.2.2.jar
7f19ea408000-7f19ea40b000 r--s 00025000 08:03 2104153                    /home/stefan/.ivy2/cache/org.apache.maven/maven-model/jars/maven-model-3.2.2.jar
7f19ea40b000-7f19ea413000 r--s 00041000 08:03 2104141                    /home/stefan/.ivy2/cache/com.typesafe.play/twirl-parser_2.10/jars/twirl-parser_2.10-1.1.1.jar
7f19ea413000-7f19ea613000 rw-p 00000000 00:00 0 
7f19ea613000-7f19ea813000 rw-p 00000000 00:00 0 
7f19ea813000-7f19eaa13000 rw-p 00000000 00:00 0 
7f19eaa13000-7f19eac13000 rw-p 00000000 00:00 0 
7f19eac13000-7f19eae13000 rw-p 00000000 00:00 0 
7f19eae13000-7f19eae15000 r--s 0000b000 00:24 116                        /tmp/sbt-global-pluginstub/boot/scala-2.10.4/org.scala-sbt/sbt/0.13.5/xsbti/interface-0.13.5.jar
7f19eae15000-7f19eae17000 r--s 00001000 00:24 70                         /tmp/sbt-global-pluginstub/boot/scala-2.10.4/org.scala-sbt/sbt/0.13.5/launcher-interface-0.13.5.jar
7f19eae17000-7f19eae19000 r--s 00006000 00:24 71                         /tmp/sbt-global-pluginstub/boot/scala-2.10.4/org.scala-sbt/sbt/0.13.5/relation-0.13.5.jar
7f19eae19000-7f19eae1a000 r--s 00005000 00:24 72                         /tmp/sbt-global-pluginstub/boot/scala-2.10.4/org.scala-sbt/sbt/0.13.5/test-agent-0.13.5.jar
7f19eae1a000-7f19eae1e000 r--s 00034000 00:24 73                         /tmp/sbt-global-pluginstub/boot/scala-2.10.4/org.scala-sbt/sbt/0.13.5/jsch-0.1.46.jar
7f19eae1e000-7f19eae1f000 r--s 00005000 00:24 74                         /tmp/sbt-global-pluginstub/boot/scala-2.10.4/org.scala-sbt/sbt/0.13.5/sbt-0.13.5.jar
7f19eae1f000-7f19eae27000 r--s 0005e000 00:24 75                         /tmp/sbt-global-pluginstub/boot/scala-2.10.4/org.scala-sbt/sbt/0.13.5/incremental-compiler-0.13.5.jar
7f19eae27000-7f19eae3c000 r--s 00116000 00:24 76                         /tmp/sbt-global-pluginstub/boot/scala-2.10.4/org.scala-sbt/sbt/0.13.5/ivy-2.3.0.jar
7f19eae3c000-7f19eae3f000 r--s 0001d000 00:24 79                         /tmp/sbt-global-pluginstub/boot/scala-2.10.4/org.scala-sbt/sbt/0.13.5/tasks-0.13.5.jar
7f19eae3f000-7f19eae42000 r--s 00017000 00:24 80                         /tmp/sbt-global-pluginstub/boot/scala-2.10.4/org.scala-sbt/sbt/0.13.5/testing-0.13.5.jar
7f19eae42000-7f19eae4c000 r--s 00090000 00:24 81                         /tmp/sbt-global-pluginstub/boot/scala-2.10.4/org.scala-sbt/sbt/0.13.5/main-settings-0.13.5.jar
7f19eae4c000-7f19eae50000 r--s 00024000 00:24 82                         /tmp/sbt-global-pluginstub/boot/scala-2.10.4/org.scala-sbt/sbt/0.13.5/persist-0.13.5.jar
7f19eae50000-7f19eb050000 rw-p 00000000 00:00 0 
7f19eb050000-7f19eb053000 r--s 00018000 00:24 83                         /tmp/sbt-global-pluginstub/boot/scala-2.10.4/org.scala-sbt/sbt/0.13.5/logging-0.13.5.jar
7f19eb053000-7f19eb056000 r--s 0001d000 00:24 84                         /tmp/sbt-global-pluginstub/boot/scala-2.10.4/org.scala-sbt/sbt/0.13.5/task-system-0.13.5.jar
7f19eb056000-7f19eb057000 r--s 0000a000 00:24 85                         /tmp/sbt-global-pluginstub/boot/scala-2.10.4/org.scala-sbt/sbt/0.13.5/tracking-0.13.5.jar
7f19eb057000-7f19eb05a000 r--s 0001a000 00:24 86                         /tmp/sbt-global-pluginstub/boot/scala-2.10.4/org.scala-sbt/sbt/0.13.5/cache-0.13.5.jar
7f19eb05a000-7f19eb05c000 r--s 00002000 00:24 87                         /tmp/sbt-global-pluginstub/boot/scala-2.10.4/org.scala-sbt/sbt/0.13.5/control-0.13.5.jar
7f19eb05c000-7f19eb064000 r--s 00057000 00:24 88                         /tmp/sbt-global-pluginstub/boot/scala-2.10.4/org.scala-sbt/sbt/0.13.5/completion-0.13.5.jar
7f19eb064000-7f19eb06b000 r--s 00049000 00:24 89                         /tmp/sbt-global-pluginstub/boot/scala-2.10.4/org.scala-sbt/sbt/0.13.5/api-0.13.5.jar
7f19eb06b000-7f19eb06f000 r--s 00022000 00:24 90                         /tmp/sbt-global-pluginstub/boot/scala-2.10.4/org.scala-sbt/sbt/0.13.5/sbinary_2.10-0.4.2.jar
7f19eb06f000-7f19eb078000 r--s 00064000 00:24 96                         /tmp/sbt-global-pluginstub/boot/scala-2.10.4/org.scala-sbt/sbt/0.13.5/actions-0.13.5.jar
7f19eb078000-7f19eb0ae000 r--s 002d9000 00:24 111                        /tmp/sbt-global-pluginstub/boot/scala-2.10.4/org.scala-sbt/sbt/0.13.5/scala-reflect-2.10.4.jar
7f19eb0ae000-7f19eb0d5000 r--s 00200000 00:24 112                        /tmp/sbt-global-pluginstub/boot/scala-2.10.4/org.scala-sbt/sbt/0.13.5/main-0.13.5.jar
7f19eb0d5000-7f19eb2d5000 rw-p 00000000 00:00 0 
7f19eb2d5000-7f19eb3d2000 r--s 00cca000 00:24 124                        /tmp/sbt-global-pluginstub/boot/scala-2.10.4/lib/scala-compiler.jar
7f19eb3d2000-7f19eb5d2000 rw-p 00000000 00:00 0 
7f19eb5d2000-7f19eb5e3000 r-xp 00000000 08:03 796956                     /usr/lib/jvm/java-8-jdk/jre/lib/amd64/libnio.so
7f19eb5e3000-7f19eb7e2000 ---p 00011000 08:03 796956                     /usr/lib/jvm/java-8-jdk/jre/lib/amd64/libnio.so
7f19eb7e2000-7f19eb7e3000 rw-p 00010000 08:03 796956                     /usr/lib/jvm/java-8-jdk/jre/lib/amd64/libnio.so
7f19eb7e3000-7f19eb7f9000 r-xp 00000000 08:03 796980                     /usr/lib/jvm/java-8-jdk/jre/lib/amd64/libnet.so
7f19eb7f9000-7f19eb9f9000 ---p 00016000 08:03 796980                     /usr/lib/jvm/java-8-jdk/jre/lib/amd64/libnet.so
7f19eb9f9000-7f19eb9fa000 rw-p 00016000 08:03 796980                     /usr/lib/jvm/java-8-jdk/jre/lib/amd64/libnet.so
7f19eb9fa000-7f19eb9fb000 ---p 00000000 00:00 0 
7f19eb9fb000-7f19ebafb000 rw-p 00000000 00:00 0 
7f19ebafb000-7f19ebafe000 ---p 00000000 00:00 0 
7f19ebafe000-7f19ebbfc000 rw-p 00000000 00:00 0 
7f19ebbfc000-7f19ebbff000 ---p 00000000 00:00 0 
7f19ebbff000-7f19ebcfd000 rw-p 00000000 00:00 0 
7f19ebcfd000-7f19ebd00000 ---p 00000000 00:00 0 
7f19ebd00000-7f19ebdfe000 rw-p 00000000 00:00 0 
7f19ebdfe000-7f19ebe01000 ---p 00000000 00:00 0 
7f19ebe01000-7f19ebeff000 rw-p 00000000 00:00 0 
7f19ebeff000-7f19ebf02000 ---p 00000000 00:00 0 
7f19ebf02000-7f19ec000000 rw-p 00000000 00:00 0 
7f19ec000000-7f19ec021000 rw-p 00000000 00:00 0 
7f19ec021000-7f19f0000000 ---p 00000000 00:00 0 
7f19f0000000-7f19f000b000 r--s 000a3000 00:24 97                         /tmp/sbt-global-pluginstub/boot/scala-2.10.4/org.scala-sbt/sbt/0.13.5/ivy-0.13.5.jar
7f19f000b000-7f19f007d000 r--s 0065a000 00:24 125                        /tmp/sbt-global-pluginstub/boot/scala-2.10.4/lib/scala-library.jar
7f19f007d000-7f19f0215000 r--p 00000000 08:03 149647                     /usr/lib/locale/locale-archive
7f19f0215000-7f19f0218000 ---p 00000000 00:00 0 
7f19f0218000-7f19f0316000 rw-p 00000000 00:00 0 
7f19f0316000-7f19f0319000 ---p 00000000 00:00 0 
7f19f0319000-7f19f0417000 rw-p 00000000 00:00 0 
7f19f0417000-7f19f0418000 ---p 00000000 00:00 0 
7f19f0418000-7f19f1427000 rw-p 00000000 00:00 0 
7f19f1427000-7f19f1600000 r--s 03d3e000 08:03 796869                     /usr/lib/jvm/java-8-jdk/jre/lib/rt.jar
7f19f1600000-7f19f4000000 rw-p 00000000 00:00 0 
7f19f4000000-7f19f4027000 rw-p 00000000 00:00 0 
7f19f4027000-7f19f8000000 ---p 00000000 00:00 0 
7f19f8000000-7f19f8002000 r--s 00002000 00:24 91                         /tmp/sbt-global-pluginstub/boot/scala-2.10.4/org.scala-sbt/sbt/0.13.5/test-interface-1.0.jar
7f19f8002000-7f19f8005000 r--s 00019000 00:24 94                         /tmp/sbt-global-pluginstub/boot/scala-2.10.4/org.scala-sbt/sbt/0.13.5/compile-0.13.5.jar
7f19f8005000-7f19f8008000 r--s 00012000 00:24 95                         /tmp/sbt-global-pluginstub/boot/scala-2.10.4/org.scala-sbt/sbt/0.13.5/classfile-0.13.5.jar
7f19f8008000-7f19f800a000 r--s 00001000 00:24 98                         /tmp/sbt-global-pluginstub/boot/scala-2.10.4/org.scala-sbt/sbt/0.13.5/compiler-ivy-integration-0.13.5.jar
7f19f800a000-7f19f800c000 r--s 00014000 00:24 99                         /tmp/sbt-global-pluginstub/boot/scala-2.10.4/org.scala-sbt/sbt/0.13.5/apply-macro-0.13.5.jar
7f19f800c000-7f19f8011000 r--s 00036000 00:24 100                        /tmp/sbt-global-pluginstub/boot/scala-2.10.4/org.scala-sbt/sbt/0.13.5/command-0.13.5.jar
7f19f8011000-7f19f8014000 r--s 0000e000 00:24 101                        /tmp/sbt-global-pluginstub/boot/scala-2.10.4/org.scala-sbt/sbt/0.13.5/compiler-integration-0.13.5.jar
7f19f8014000-7f19f8017000 r--s 00013000 00:24 104                        /tmp/sbt-global-pluginstub/boot/scala-2.10.4/org.scala-sbt/sbt/0.13.5/classpath-0.13.5.jar
7f19f8017000-7f19f8019000 r--s 0000e000 00:24 105                        /tmp/sbt-global-pluginstub/boot/scala-2.10.4/org.scala-sbt/sbt/0.13.5/logic-0.13.5.jar
7f19f8019000-7f19f801c000 r--s 00030000 00:24 106                        /tmp/sbt-global-pluginstub/boot/scala-2.10.4/org.scala-sbt/sbt/0.13.5/jline-2.11.jar
7f19f801c000-7f19f8024000 r--s 0005c000 00:24 114                        /tmp/sbt-global-pluginstub/boot/scala-2.10.4/org.scala-sbt/sbt/0.13.5/collections-0.13.5.jar
7f19f8024000-7f19f805a000 r--s 002d9000 00:24 123                        /tmp/sbt-global-pluginstub/boot/scala-2.10.4/lib/scala-reflect.jar
7f19f805a000-7f19f8076000 r--s 0010c000 08:03 3019679                    /home/stefan/.IntelliJIdea2017.1/config/plugins/Scala/launcher/sbt-launch.jar
7f19f8076000-7f19f80b8000 rw-p 00000000 00:00 0 
7f19f80b8000-7f19f80b9000 ---p 00000000 00:00 0 
7f19f80b9000-7f19f81b9000 rw-p 00000000 00:00 0 
7f19f81b9000-7f19f81ba000 ---p 00000000 00:00 0 
7f19f81ba000-7f19f82ba000 rw-p 00000000 00:00 0 
7f19f82ba000-7f19f82bb000 ---p 00000000 00:00 0 
7f19f82bb000-7f19f83bb000 rw-p 00000000 00:00 0 
7f19f83bb000-7f19f83bc000 ---p 00000000 00:00 0 
7f19f83bc000-7f19f858c000 rw-p 00000000 00:00 0 
7f19f858c000-7f19f8612000 ---p 00000000 00:00 0 
7f19f8612000-7f19f86e2000 rw-p 00000000 00:00 0 
7f19f86e2000-7f19f8767000 ---p 00000000 00:00 0 
7f19f8767000-7f19f8812000 rw-p 00000000 00:00 0 
7f19f8812000-7f19f8891000 rw-p 00000000 00:00 0 
7f19f8891000-7f19f8bd3000 ---p 00000000 00:00 0 
7f19f8bd3000-7f19fab33000 rwxp 00000000 00:00 0 
7f19fab33000-7f1a07bd3000 ---p 00000000 00:00 0 
7f1a07bd3000-7f1a07bed000 r-xp 00000000 08:03 796958                     /usr/lib/jvm/java-8-jdk/jre/lib/amd64/libzip.so
7f1a07bed000-7f1a07ded000 ---p 0001a000 08:03 796958                     /usr/lib/jvm/java-8-jdk/jre/lib/amd64/libzip.so
7f1a07ded000-7f1a07dee000 rw-p 0001a000 08:03 796958                     /usr/lib/jvm/java-8-jdk/jre/lib/amd64/libzip.so
7f1a07dee000-7f1a07df9000 r-xp 00000000 08:03 132172                     /usr/lib/libnss_files-2.25.so
7f1a07df9000-7f1a07ff8000 ---p 0000b000 08:03 132172                     /usr/lib/libnss_files-2.25.so
7f1a07ff8000-7f1a07ff9000 r--p 0000a000 08:03 132172                     /usr/lib/libnss_files-2.25.so
7f1a07ff9000-7f1a07ffa000 rw-p 0000b000 08:03 132172                     /usr/lib/libnss_files-2.25.so
7f1a07ffa000-7f1a08000000 rw-p 00000000 00:00 0 
7f1a08000000-7f1a09ffb000 rw-p 00000000 00:00 0 
7f1a09ffb000-7f1a0c000000 ---p 00000000 00:00 0 
7f1a0c000000-7f1a0c003000 r--s 0001e000 00:24 107                        /tmp/sbt-global-pluginstub/boot/scala-2.10.4/org.scala-sbt/sbt/0.13.5/run-0.13.5.jar
7f1a0c003000-7f1a0c016000 r--s 00345000 08:03 796850                     /usr/lib/jvm/java-8-jdk/jre/lib/resources.jar
7f1a0c016000-7f1a0c0fc000 rw-p 00000000 00:00 0 
7f1a0c0fc000-7f1a0c127000 r-xp 00000000 08:03 796932                     /usr/lib/jvm/java-8-jdk/jre/lib/amd64/libjava.so
7f1a0c127000-7f1a0c326000 ---p 0002b000 08:03 796932                     /usr/lib/jvm/java-8-jdk/jre/lib/amd64/libjava.so
7f1a0c326000-7f1a0c328000 rw-p 0002a000 08:03 796932                     /usr/lib/jvm/java-8-jdk/jre/lib/amd64/libjava.so
7f1a0c328000-7f1a0c335000 r-xp 00000000 08:03 796979                     /usr/lib/jvm/java-8-jdk/jre/lib/amd64/libverify.so
7f1a0c335000-7f1a0c534000 ---p 0000d000 08:03 796979                     /usr/lib/jvm/java-8-jdk/jre/lib/amd64/libverify.so
7f1a0c534000-7f1a0c536000 rw-p 0000c000 08:03 796979                     /usr/lib/jvm/java-8-jdk/jre/lib/amd64/libverify.so
7f1a0c536000-7f1a0c53d000 r-xp 00000000 08:03 131845                     /usr/lib/librt-2.25.so
7f1a0c53d000-7f1a0c73c000 ---p 00007000 08:03 131845                     /usr/lib/librt-2.25.so
7f1a0c73c000-7f1a0c73d000 r--p 00006000 08:03 131845                     /usr/lib/librt-2.25.so
7f1a0c73d000-7f1a0c73e000 rw-p 00007000 08:03 131845                     /usr/lib/librt-2.25.so
7f1a0c73e000-7f1a0c850000 r-xp 00000000 08:03 131883                     /usr/lib/libm-2.25.so
7f1a0c850000-7f1a0ca4f000 ---p 00112000 08:03 131883                     /usr/lib/libm-2.25.so
7f1a0ca4f000-7f1a0ca50000 r--p 00111000 08:03 131883                     /usr/lib/libm-2.25.so
7f1a0ca50000-7f1a0ca51000 rw-p 00112000 08:03 131883                     /usr/lib/libm-2.25.so
7f1a0ca51000-7f1a0d71f000 r-xp 00000000 08:03 796989                     /usr/lib/jvm/java-8-jdk/jre/lib/amd64/server/libjvm.so
7f1a0d71f000-7f1a0d91f000 ---p 00cce000 08:03 796989                     /usr/lib/jvm/java-8-jdk/jre/lib/amd64/server/libjvm.so
7f1a0d91f000-7f1a0d9f8000 rw-p 00cce000 08:03 796989                     /usr/lib/jvm/java-8-jdk/jre/lib/amd64/server/libjvm.so
7f1a0d9f8000-7f1a0da43000 rw-p 00000000 00:00 0 
7f1a0da43000-7f1a0dbde000 r-xp 00000000 08:03 132598                     /usr/lib/libc-2.25.so
7f1a0dbde000-7f1a0dddd000 ---p 0019b000 08:03 132598                     /usr/lib/libc-2.25.so
7f1a0dddd000-7f1a0dde1000 r--p 0019a000 08:03 132598                     /usr/lib/libc-2.25.so
7f1a0dde1000-7f1a0dde3000 rw-p 0019e000 08:03 132598                     /usr/lib/libc-2.25.so
7f1a0dde3000-7f1a0dde7000 rw-p 00000000 00:00 0 
7f1a0dde7000-7f1a0ddea000 r-xp 00000000 08:03 131949                     /usr/lib/libdl-2.25.so
7f1a0ddea000-7f1a0dfe9000 ---p 00003000 08:03 131949                     /usr/lib/libdl-2.25.so
7f1a0dfe9000-7f1a0dfea000 r--p 00002000 08:03 131949                     /usr/lib/libdl-2.25.so
7f1a0dfea000-7f1a0dfeb000 rw-p 00003000 08:03 131949                     /usr/lib/libdl-2.25.so
7f1a0dfeb000-7f1a0e000000 r-xp 00000000 08:03 796987                     /usr/lib/jvm/java-8-jdk/jre/lib/amd64/jli/libjli.so
7f1a0e000000-7f1a0e200000 ---p 00015000 08:03 796987                     /usr/lib/jvm/java-8-jdk/jre/lib/amd64/jli/libjli.so
7f1a0e200000-7f1a0e201000 rw-p 00015000 08:03 796987                     /usr/lib/jvm/java-8-jdk/jre/lib/amd64/jli/libjli.so
7f1a0e201000-7f1a0e21a000 r-xp 00000000 08:03 132665                     /usr/lib/libpthread-2.25.so
7f1a0e21a000-7f1a0e419000 ---p 00019000 08:03 132665                     /usr/lib/libpthread-2.25.so
7f1a0e419000-7f1a0e41a000 r--p 00018000 08:03 132665                     /usr/lib/libpthread-2.25.so
7f1a0e41a000-7f1a0e41b000 rw-p 00019000 08:03 132665                     /usr/lib/libpthread-2.25.so
7f1a0e41b000-7f1a0e41f000 rw-p 00000000 00:00 0 
7f1a0e41f000-7f1a0e442000 r-xp 00000000 08:03 132602                     /usr/lib/ld-2.25.so
7f1a0e442000-7f1a0e448000 r--s 0003d000 00:24 110                        /tmp/sbt-global-pluginstub/boot/scala-2.10.4/org.scala-sbt/sbt/0.13.5/io-0.13.5.jar
7f1a0e448000-7f1a0e50d000 rw-p 00000000 00:00 0 
7f1a0e50d000-7f1a0e510000 ---p 00000000 00:00 0 
7f1a0e510000-7f1a0e610000 rw-p 00000000 00:00 0 
7f1a0e610000-7f1a0e614000 r--s 0001b000 00:24 113                        /tmp/sbt-global-pluginstub/boot/scala-2.10.4/org.scala-sbt/sbt/0.13.5/process-0.13.5.jar
7f1a0e614000-7f1a0e616000 r--s 00001000 00:24 117                        /tmp/sbt-global-pluginstub/boot/scala-2.10.4/org.scala-sbt/sbt/0.13.5/cross-0.13.5.jar
7f1a0e616000-7f1a0e61a000 r--s 00025000 00:24 121                        /tmp/sbt-global-pluginstub/boot/scala-2.10.4/lib/jline.jar
7f1a0e61a000-7f1a0e61d000 r--s 00018000 00:24 122                        /tmp/sbt-global-pluginstub/boot/scala-2.10.4/lib/jansi.jar
7f1a0e61d000-7f1a0e621000 r--s 0009a000 08:03 796873                     /usr/lib/jvm/java-8-jdk/jre/lib/jsse.jar
7f1a0e621000-7f1a0e635000 rw-p 00000000 00:00 0 
7f1a0e635000-7f1a0e63d000 rw-s 00000000 00:24 38                         /tmp/hsperfdata_stefan/16422
7f1a0e63d000-7f1a0e63e000 rw-p 00000000 00:00 0 
7f1a0e63e000-7f1a0e63f000 ---p 00000000 00:00 0 
7f1a0e63f000-7f1a0e641000 rw-p 00000000 00:00 0 
7f1a0e641000-7f1a0e642000 r--p 00022000 08:03 132602                     /usr/lib/ld-2.25.so
7f1a0e642000-7f1a0e643000 rw-p 00023000 08:03 132602                     /usr/lib/ld-2.25.so
7f1a0e643000-7f1a0e644000 rw-p 00000000 00:00 0 
7ffee1067000-7ffee1088000 rw-p 00000000 00:00 0                          [stack]
7ffee109b000-7ffee109d000 r--p 00000000 00:00 0                          [vvar]
7ffee109d000-7ffee109f000 r-xp 00000000 00:00 0                          [vdso]
ffffffffff600000-ffffffffff601000 r-xp 00000000 00:00 0                  [vsyscall]

VM Arguments:
jvm_args: -Dfile.encoding=UTF8 -Djline.terminal=none -Dsbt.log.noformat=true -Dsbt.global.base=/tmp/sbt-global-pluginstub -Xms512M -Xmx1024M -Xss1M -XX:+CMSClassUnloadingEnabled -XX:MaxPermSize=256M 
java_command: xsbt.boot.Boot project isa run
java_class_path (initial): /home/stefan/.IntelliJIdea2017.1/config/plugins/Scala/launcher/sbt-launch.jar
Launcher Type: SUN_STANDARD

Environment Variables:
PATH=/usr/local/sbin:/usr/local/bin:/usr/bin:/usr/lib/jvm/default/bin:/usr/bin/site_perl:/usr/bin/vendor_perl:/usr/bin/core_perl
LD_LIBRARY_PATH=/opt/idea-IU-171.4073.35/bin:
SHELL=/bin/bash
DISPLAY=:0.0

Signal Handlers:
SIGSEGV: [libjvm.so+0xac78c0], sa_mask[0]=11111111011111111101111111111110, sa_flags=SA_RESTART|SA_SIGINFO
SIGBUS: [libjvm.so+0xac78c0], sa_mask[0]=11111111011111111101111111111110, sa_flags=SA_RESTART|SA_SIGINFO
SIGFPE: [libjvm.so+0x920ac0], sa_mask[0]=11111111011111111101111111111110, sa_flags=SA_RESTART|SA_SIGINFO
SIGPIPE: [libjvm.so+0x920ac0], sa_mask[0]=11111111011111111101111111111110, sa_flags=SA_RESTART|SA_SIGINFO
SIGXFSZ: [libjvm.so+0x920ac0], sa_mask[0]=11111111011111111101111111111110, sa_flags=SA_RESTART|SA_SIGINFO
SIGILL: [libjvm.so+0x920ac0], sa_mask[0]=11111111011111111101111111111110, sa_flags=SA_RESTART|SA_SIGINFO
SIGUSR1: SIG_DFL, sa_mask[0]=00000000000000000000000000000000, sa_flags=none
SIGUSR2: [libjvm.so+0x922300], sa_mask[0]=00100000000000000000000000000000, sa_flags=SA_RESTART|SA_SIGINFO
SIGHUP: [libjvm.so+0x923700], sa_mask[0]=11111111011111111101111111111110, sa_flags=SA_RESTART|SA_SIGINFO
SIGINT: [libjvm.so+0x923700], sa_mask[0]=11111111011111111101111111111110, sa_flags=SA_RESTART|SA_SIGINFO
SIGTERM: [libjvm.so+0x923700], sa_mask[0]=11111111011111111101111111111110, sa_flags=SA_RESTART|SA_SIGINFO
SIGQUIT: [libjvm.so+0x923700], sa_mask[0]=11111111011111111101111111111110, sa_flags=SA_RESTART|SA_SIGINFO


---------------  S Y S T E M  ---------------

OS:DISTRIB_ID=ManjaroLinux
DISTRIB_RELEASE=17.0.1
DISTRIB_CODENAME=Gellivara
DISTRIB_DESCRIPTION="Manjaro Linux"

uname:Linux 4.9.24-1-MANJARO #1 SMP PREEMPT Fri Apr 21 08:32:28 UTC 2017 x86_64
libc:glibc 2.25 NPTL 2.25 
rlimit: STACK 8192k, CORE infinity, NPROC 15332, NOFILE 4096, AS infinity
load average:3.29 3.03 1.95

/proc/meminfo:
MemTotal:        3935152 kB
MemFree:          120504 kB
MemAvailable:      95580 kB
Buffers:            3232 kB
Cached:           428388 kB
SwapCached:            0 kB
Active:          3318500 kB
Inactive:         306540 kB
Active(anon):    3240020 kB
Inactive(anon):   226376 kB
Active(file):      78480 kB
Inactive(file):    80164 kB
Unevictable:          32 kB
Mlocked:              32 kB
SwapTotal:             0 kB
SwapFree:              0 kB
Dirty:              2288 kB
Writeback:             0 kB
AnonPages:       3193412 kB
Mapped:           209056 kB
Shmem:            273020 kB
Slab:              74044 kB
SReclaimable:      36500 kB
SUnreclaim:        37544 kB
KernelStack:       10960 kB
PageTables:        47860 kB
NFS_Unstable:          0 kB
Bounce:                0 kB
WritebackTmp:          0 kB
CommitLimit:     1967576 kB
Committed_AS:    8229848 kB
VmallocTotal:   34359738367 kB
VmallocUsed:           0 kB
VmallocChunk:          0 kB
HardwareCorrupted:     0 kB
AnonHugePages:    673792 kB
ShmemHugePages:        0 kB
ShmemPmdMapped:        0 kB
HugePages_Total:       0
HugePages_Free:        0
HugePages_Rsvd:        0
HugePages_Surp:        0
Hugepagesize:       2048 kB
DirectMap4k:      170688 kB
DirectMap2M:     3907584 kB


CPU:total 4 (4 cores per cpu, 1 threads per core) family 6 model 55 stepping 8, cmov, cx8, fxsr, mmx, sse, sse2, sse3, ssse3, sse4.1, sse4.2, popcnt, clmul, erms, 3dnowpref, tsc, tscinvbit

/proc/cpuinfo:
processor	: 0
vendor_id	: GenuineIntel
cpu family	: 6
model		: 55
model name	: Intel(R) Pentium(R) CPU  N3540  @ 2.16GHz
stepping	: 8
microcode	: 0x815
cpu MHz		: 1975.578
cache size	: 1024 KB
physical id	: 0
siblings	: 4
core id		: 0
cpu cores	: 4
apicid		: 0
initial apicid	: 0
fpu		: yes
fpu_exception	: yes
cpuid level	: 11
wp		: yes
flags		: fpu vme de pse tsc msr pae mce cx8 apic sep mtrr pge mca cmov pat pse36 clflush dts acpi mmx fxsr sse sse2 ss ht tm pbe syscall nx rdtscp lm constant_tsc arch_perfmon pebs bts rep_good nopl xtopology nonstop_tsc aperfmperf eagerfpu pni pclmulqdq dtes64 monitor ds_cpl vmx est tm2 ssse3 cx16 xtpr pdcm sse4_1 sse4_2 movbe popcnt tsc_deadline_timer rdrand lahf_lm 3dnowprefetch epb tpr_shadow vnmi flexpriority ept vpid tsc_adjust smep erms dtherm ida arat
bugs		:
bogomips	: 4333.08
clflush size	: 64
cache_alignment	: 64
address sizes	: 36 bits physical, 48 bits virtual
power management:

processor	: 1
vendor_id	: GenuineIntel
cpu family	: 6
model		: 55
model name	: Intel(R) Pentium(R) CPU  N3540  @ 2.16GHz
stepping	: 8
microcode	: 0x815
cpu MHz		: 1566.318
cache size	: 1024 KB
physical id	: 0
siblings	: 4
core id		: 1
cpu cores	: 4
apicid		: 2
initial apicid	: 2
fpu		: yes
fpu_exception	: yes
cpuid level	: 11
wp		: yes
flags		: fpu vme de pse tsc msr pae mce cx8 apic sep mtrr pge mca cmov pat pse36 clflush dts acpi mmx fxsr sse sse2 ss ht tm pbe syscall nx rdtscp lm constant_tsc arch_perfmon pebs bts rep_good nopl xtopology nonstop_tsc aperfmperf eagerfpu pni pclmulqdq dtes64 monitor ds_cpl vmx est tm2 ssse3 cx16 xtpr pdcm sse4_1 sse4_2 movbe popcnt tsc_deadline_timer rdrand lahf_lm 3dnowprefetch epb tpr_shadow vnmi flexpriority ept vpid tsc_adjust smep erms dtherm ida arat
bugs		:
bogomips	: 4335.80
clflush size	: 64
cache_alignment	: 64
address sizes	: 36 bits physical, 48 bits virtual
power management:

processor	: 2
vendor_id	: GenuineIntel
cpu family	: 6
model		: 55
model name	: Intel(R) Pentium(R) CPU  N3540  @ 2.16GHz
stepping	: 8
microcode	: 0x815
cpu MHz		: 2262.166
cache size	: 1024 KB
physical id	: 0
siblings	: 4
core id		: 2
cpu cores	: 4
apicid		: 4
initial apicid	: 4
fpu		: yes
fpu_exception	: yes
cpuid level	: 11
wp		: yes
flags		: fpu vme de pse tsc msr pae mce cx8 apic sep mtrr pge mca cmov pat pse36 clflush dts acpi mmx fxsr sse sse2 ss ht tm pbe syscall nx rdtscp lm constant_tsc arch_perfmon pebs bts rep_good nopl xtopology nonstop_tsc aperfmperf eagerfpu pni pclmulqdq dtes64 monitor ds_cpl vmx est tm2 ssse3 cx16 xtpr pdcm sse4_1 sse4_2 movbe popcnt tsc_deadline_timer rdrand lahf_lm 3dnowprefetch epb tpr_shadow vnmi flexpriority ept vpid tsc_adjust smep erms dtherm ida arat
bugs		:
bogomips	: 4335.85
clflush size	: 64
cache_alignment	: 64
address sizes	: 36 bits physical, 48 bits virtual
power management:

processor	: 3
vendor_id	: GenuineIntel
cpu family	: 6
model		: 55
model name	: Intel(R) Pentium(R) CPU  N3540  @ 2.16GHz
stepping	: 8
microcode	: 0x815
cpu MHz		: 2664.949
cache size	: 1024 KB
physical id	: 0
siblings	: 4
core id		: 3
cpu cores	: 4
apicid		: 6
initial apicid	: 6
fpu		: yes
fpu_exception	: yes
cpuid level	: 11
wp		: yes
flags		: fpu vme de pse tsc msr pae mce cx8 apic sep mtrr pge mca cmov pat pse36 clflush dts acpi mmx fxsr sse sse2 ss ht tm pbe syscall nx rdtscp lm constant_tsc arch_perfmon pebs bts rep_good nopl xtopology nonstop_tsc aperfmperf eagerfpu pni pclmulqdq dtes64 monitor ds_cpl vmx est tm2 ssse3 cx16 xtpr pdcm sse4_1 sse4_2 movbe popcnt tsc_deadline_timer rdrand lahf_lm 3dnowprefetch epb tpr_shadow vnmi flexpriority ept vpid tsc_adjust smep erms dtherm ida arat
bugs		:
bogomips	: 4336.94
clflush size	: 64
cache_alignment	: 64
address sizes	: 36 bits physical, 48 bits virtual
power management:



Memory: 4k page, physical 3935152k(120504k free), swap 0k(0k free)

vm_info: Java HotSpot(TM) 64-Bit Server VM (25.121-b13) for linux-amd64 JRE (1.8.0_121-b13), built on Dec 12 2016 16:36:53 by "java_re" with gcc 4.3.0 20080428 (Red Hat 4.3.0-8)

time: Wed May  3 01:39:49 2017
elapsed time: 56 seconds (0d 0h 0m 56s)

