#
# There is insufficient memory for the Java Runtime Environment to continue.
# Native memory allocation (mmap) failed to map 84410368 bytes for committing reserved memory.
# Possible reasons:
#   The system is out of physical RAM or swap space
#   In 32 bit mode, the process size limit was hit
# Possible solutions:
#   Reduce memory load on the system
#   Increase physical memory or swap space
#   Check if swap backing store is full
#   Use 64 bit Java on a 64 bit OS
#   Decrease Java heap size (-Xmx/-Xms)
#   Decrease number of Java threads
#   Decrease Java thread stack sizes (-Xss)
#   Set larger code cache with -XX:ReservedCodeCacheSize=
# This output file may be truncated or incomplete.
#
#  Out of Memory Error (os_linux.cpp:2627), pid=4703, tid=0x00007f9c44bf3700
#
# JRE version: Java(TM) SE Runtime Environment (8.0_121-b13) (build 1.8.0_121-b13)
# Java VM: Java HotSpot(TM) 64-Bit Server VM (25.121-b13 mixed mode linux-amd64 compressed oops)
# Core dump written. Default location: /home/stefan/GitHub.com/gibanica.com/core or core.4703
#

---------------  T H R E A D  ---------------

Current thread (0x00007f9c68076000):  VMThread [stack: 0x00007f9c44af3000,0x00007f9c44bf4000] [id=4715]

Stack: [0x00007f9c44af3000,0x00007f9c44bf4000],  sp=0x00007f9c44bf2190,  free space=1020k
Native frames: (J=compiled Java code, j=interpreted, Vv=VM code, C=native code)
V  [libjvm.so+0xac703a]  VMError::report_and_die()+0x2ba
V  [libjvm.so+0x4fc7eb]  report_vm_out_of_memory(char const*, int, unsigned long, VMErrorType, char const*)+0x8b
V  [libjvm.so+0x923c43]  os::Linux::commit_memory_impl(char*, unsigned long, bool)+0x103
V  [libjvm.so+0x924199]  os::pd_commit_memory(char*, unsigned long, unsigned long, bool)+0x29
V  [libjvm.so+0x91e4aa]  os::commit_memory(char*, unsigned long, unsigned long, bool)+0x2a
V  [libjvm.so+0x992f03]  PSVirtualSpace::expand_by(unsigned long)+0x53
V  [libjvm.so+0x994308]  PSYoungGen::resize_generation(unsigned long, unsigned long)+0xf8
V  [libjvm.so+0x993462]  PSYoungGen::resize(unsigned long, unsigned long)+0x22
V  [libjvm.so+0x99073b]  PSScavenge::invoke_no_policy()+0xf3b
V  [libjvm.so+0x990ec1]  PSScavenge::invoke()+0x41
V  [libjvm.so+0x947c10]  ParallelScavengeHeap::failed_mem_allocate(unsigned long)+0x70
V  [libjvm.so+0xac8a57]  VM_ParallelGCFailedAllocation::doit()+0x97
V  [libjvm.so+0xad0535]  VM_Operation::evaluate()+0x55
V  [libjvm.so+0xace90a]  VMThread::evaluate_operation(VM_Operation*)+0xba
V  [libjvm.so+0xacec8e]  VMThread::loop()+0x1ce
V  [libjvm.so+0xacf100]  VMThread::run()+0x70
V  [libjvm.so+0x926268]  java_start(Thread*)+0x108

VM_Operation (0x00007f9c1e6666f0): ParallelGCFailedAllocation, mode: safepoint, requested by thread 0x00007f9c6912d000


---------------  P R O C E S S  ---------------

Java Threads: ( => current thread )
  0x00007f9c08058800 JavaThread "sbt-web-akka.actor.default-dispatcher-5" [_thread_blocked, id=4809, stack(0x00007f9c1e066000,0x00007f9c1e167000)]
  0x00007f9c68392800 JavaThread "sbt-web-akka.actor.default-dispatcher-4" [_thread_blocked, id=4808, stack(0x00007f9c1e66a000,0x00007f9c1e76b000)]
  0x00007f9c68392000 JavaThread "sbt-web-akka.actor.default-dispatcher-3" [_thread_blocked, id=4807, stack(0x00007f9c1e468000,0x00007f9c1e569000)]
  0x00007f9c6912d000 JavaThread "sbt-web-akka.actor.default-dispatcher-2" [_thread_blocked, id=4806, stack(0x00007f9c1e569000,0x00007f9c1e66a000)]
  0x00007f9c68e59000 JavaThread "sbt-web-scheduler-1" [_thread_blocked, id=4797, stack(0x00007f9c1e167000,0x00007f9c1e268000)]
  0x00007f9c680da000 JavaThread "Service Thread" daemon [_thread_blocked, id=4722, stack(0x00007f9c44254000,0x00007f9c44355000)]
  0x00007f9c680bc800 JavaThread "C1 CompilerThread2" daemon [_thread_blocked, id=4721, stack(0x00007f9c44355000,0x00007f9c44456000)]
  0x00007f9c680bb000 JavaThread "C2 CompilerThread1" daemon [_thread_blocked, id=4720, stack(0x00007f9c44456000,0x00007f9c44557000)]
  0x00007f9c680b8000 JavaThread "C2 CompilerThread0" daemon [_thread_blocked, id=4719, stack(0x00007f9c44557000,0x00007f9c44658000)]
  0x00007f9c680b6800 JavaThread "Signal Dispatcher" daemon [_thread_blocked, id=4718, stack(0x00007f9c44658000,0x00007f9c44759000)]
  0x00007f9c68082800 JavaThread "Finalizer" daemon [_thread_blocked, id=4717, stack(0x00007f9c448f1000,0x00007f9c449f2000)]
  0x00007f9c6807e000 JavaThread "Reference Handler" daemon [_thread_blocked, id=4716, stack(0x00007f9c449f2000,0x00007f9c44af3000)]
  0x00007f9c68008000 JavaThread "main" [_thread_blocked, id=4706, stack(0x00007f9c6eb6a000,0x00007f9c6ec6b000)]

Other Threads:
=>0x00007f9c68076000 VMThread [stack: 0x00007f9c44af3000,0x00007f9c44bf4000] [id=4715]
  0x00007f9c680dd000 WatcherThread [stack: 0x00007f9c44153000,0x00007f9c44254000] [id=4723]

VM state:at safepoint (normal execution)

VM Mutex/Monitor currently owned by a thread:  ([mutex/lock_event])
[0x00007f9c680062d0] Threads_lock - owner thread: 0x00007f9c68076000
[0x00007f9c680067d0] Heap_lock - owner thread: 0x00007f9c6912d000

Heap:
 PSYoungGen      total 237056K, used 13910K [0x00000000eab00000, 0x00000000fa980000, 0x0000000100000000)
  eden space 215552K, 0% used [0x00000000eab00000,0x00000000eab00000,0x00000000f7d80000)
  from space 21504K, 64% used [0x00000000f7d80000,0x00000000f8b15a58,0x00000000f9280000)
  to   space 21504K, 0% used [0x00000000f9280000,0x00000000f9280000,0x00000000fa780000)
 ParOldGen       total 349696K, used 9216K [0x00000000c0000000, 0x00000000d5580000, 0x00000000eab00000)
  object space 349696K, 2% used [0x00000000c0000000,0x00000000c0900328,0x00000000d5580000)
 Metaspace       used 43704K, capacity 43974K, committed 44120K, reserved 1085440K
  class space    used 8191K, capacity 8254K, committed 8320K, reserved 1048576K

Card table byte_map: [0x00007f9c6c128000,0x00007f9c6c329000] byte_map_base: 0x00007f9c6bb28000

Marking Bits: (ParMarkBitMap*) 0x00007f9c6e06fc80
 Begin Bits: [0x00007f9c46000000, 0x00007f9c47000000)
 End Bits:   [0x00007f9c47000000, 0x00007f9c48000000)

Polling page: 0x00007f9c6ec98000

CodeCache: size=245760Kb used=14822Kb max_used=14834Kb free=230938Kb
 bounds [0x00007f9c59000000, 0x00007f9c59e90000, 0x00007f9c68000000]
 total_blobs=5430 nmethods=4997 adapters=344
 compilation: enabled

Compilation events (10 events):
Event: 100.031 Thread 0x00007f9c680b8000 5719       4       akka.actor.LightArrayRevolverScheduler$$anon$8::executeBucket$1 (102 bytes)
Event: 100.657 Thread 0x00007f9c680bb000 nmethod 5718 0x00007f9c59e862d0 code [0x00007f9c59e86420, 0x00007f9c59e86518]
Event: 100.978 Thread 0x00007f9c680bc800 nmethod 5715 0x00007f9c59e8e090 code [0x00007f9c59e8e220, 0x00007f9c59e8e618]
Event: 107.328 Thread 0x00007f9c680b8000 nmethod 5719 0x00007f9c59e85f50 code [0x00007f9c59e860a0, 0x00007f9c59e86198]
Event: 108.011 Thread 0x00007f9c680bb000 5720       4       sun.misc.Launcher$AppClassLoader::loadClass (85 bytes)
Event: 108.446 Thread 0x00007f9c680bc800 5721       3       java.lang.Class::reflectionData (49 bytes)
Event: 108.672 Thread 0x00007f9c680bc800 nmethod 5721 0x00007f9c59e8d890 code [0x00007f9c59e8da20, 0x00007f9c59e8df28]
Event: 109.011 Thread 0x00007f9c680bb000 nmethod 5720 0x00007f9c59e89550 code [0x00007f9c59e89700, 0x00007f9c59e89ef8]
Event: 117.746 Thread 0x00007f9c680b8000 5723   !   4       sun.reflect.generics.parser.SignatureParser::current (40 bytes)
Event: 117.764 Thread 0x00007f9c680bb000 5724       4       java.lang.ref.WeakReference::<init> (7 bytes)

GC Heap History (10 events):
Event: 8.808 GC heap after
Heap after GC invocations=2 (full 0):
 PSYoungGen      total 153088K, used 5485K [0x00000000eab00000, 0x00000000fd600000, 0x0000000100000000)
  eden space 131584K, 0% used [0x00000000eab00000,0x00000000eab00000,0x00000000f2b80000)
  from space 21504K, 25% used [0x00000000f4080000,0x00000000f45db608,0x00000000f5580000)
  to   space 21504K, 0% used [0x00000000f2b80000,0x00000000f2b80000,0x00000000f4080000)
 ParOldGen       total 349696K, used 104K [0x00000000c0000000, 0x00000000d5580000, 0x00000000eab00000)
  object space 349696K, 0% used [0x00000000c0000000,0x00000000c001a010,0x00000000d5580000)
 Metaspace       used 20998K, capacity 21160K, committed 21248K, reserved 1067008K
  class space    used 3200K, capacity 3294K, committed 3328K, reserved 1048576K
}
Event: 8.809 GC heap before
{Heap before GC invocations=3 (full 1):
 PSYoungGen      total 153088K, used 5485K [0x00000000eab00000, 0x00000000fd600000, 0x0000000100000000)
  eden space 131584K, 0% used [0x00000000eab00000,0x00000000eab00000,0x00000000f2b80000)
  from space 21504K, 25% used [0x00000000f4080000,0x00000000f45db608,0x00000000f5580000)
  to   space 21504K, 0% used [0x00000000f2b80000,0x00000000f2b80000,0x00000000f4080000)
 ParOldGen       total 349696K, used 104K [0x00000000c0000000, 0x00000000d5580000, 0x00000000eab00000)
  object space 349696K, 0% used [0x00000000c0000000,0x00000000c001a010,0x00000000d5580000)
 Metaspace       used 20998K, capacity 21160K, committed 21248K, reserved 1067008K
  class space    used 3200K, capacity 3294K, committed 3328K, reserved 1048576K
Event: 8.886 GC heap after
Heap after GC invocations=3 (full 1):
 PSYoungGen      total 153088K, used 0K [0x00000000eab00000, 0x00000000fd600000, 0x0000000100000000)
  eden space 131584K, 0% used [0x00000000eab00000,0x00000000eab00000,0x00000000f2b80000)
  from space 21504K, 0% used [0x00000000f4080000,0x00000000f4080000,0x00000000f5580000)
  to   space 21504K, 0% used [0x00000000f2b80000,0x00000000f2b80000,0x00000000f4080000)
 ParOldGen       total 349696K, used 5280K [0x00000000c0000000, 0x00000000d5580000, 0x00000000eab00000)
  object space 349696K, 1% used [0x00000000c0000000,0x00000000c0528068,0x00000000d5580000)
 Metaspace       used 20998K, capacity 21160K, committed 21248K, reserved 1067008K
  class space    used 3200K, capacity 3294K, committed 3328K, reserved 1048576K
}
Event: 16.903 GC heap before
{Heap before GC invocations=4 (full 1):
 PSYoungGen      total 153088K, used 131584K [0x00000000eab00000, 0x00000000fd600000, 0x0000000100000000)
  eden space 131584K, 100% used [0x00000000eab00000,0x00000000f2b80000,0x00000000f2b80000)
  from space 21504K, 0% used [0x00000000f4080000,0x00000000f4080000,0x00000000f5580000)
  to   space 21504K, 0% used [0x00000000f2b80000,0x00000000f2b80000,0x00000000f4080000)
 ParOldGen       total 349696K, used 5280K [0x00000000c0000000, 0x00000000d5580000, 0x00000000eab00000)
  object space 349696K, 1% used [0x00000000c0000000,0x00000000c0528068,0x00000000d5580000)
 Metaspace       used 34040K, capacity 34182K, committed 34432K, reserved 1077248K
  class space    used 6123K, capacity 6182K, committed 6272K, reserved 1048576K
Event: 16.993 GC heap after
Heap after GC invocations=4 (full 1):
 PSYoungGen      total 153088K, used 13312K [0x00000000eab00000, 0x00000000fa780000, 0x0000000100000000)
  eden space 131584K, 0% used [0x00000000eab00000,0x00000000eab00000,0x00000000f2b80000)
  from space 21504K, 61% used [0x00000000f2b80000,0x00000000f3880040,0x00000000f4080000)
  to   space 21504K, 0% used [0x00000000f9280000,0x00000000f9280000,0x00000000fa780000)
 ParOldGen       total 349696K, used 5280K [0x00000000c0000000, 0x00000000d5580000, 0x00000000eab00000)
  object space 349696K, 1% used [0x00000000c0000000,0x00000000c0528068,0x00000000d5580000)
 Metaspace       used 34040K, capacity 34182K, committed 34432K, reserved 1077248K
  class space    used 6123K, capacity 6182K, committed 6272K, reserved 1048576K
}
Event: 18.002 GC heap before
{Heap before GC invocations=5 (full 1):
 PSYoungGen      total 153088K, used 33275K [0x00000000eab00000, 0x00000000fa780000, 0x0000000100000000)
  eden space 131584K, 15% used [0x00000000eab00000,0x00000000ebe7ebc0,0x00000000f2b80000)
  from space 21504K, 61% used [0x00000000f2b80000,0x00000000f3880040,0x00000000f4080000)
  to   space 21504K, 0% used [0x00000000f9280000,0x00000000f9280000,0x00000000fa780000)
 ParOldGen       total 349696K, used 5280K [0x00000000c0000000, 0x00000000d5580000, 0x00000000eab00000)
  object space 349696K, 1% used [0x00000000c0000000,0x00000000c0528068,0x00000000d5580000)
 Metaspace       used 35111K, capacity 35302K, committed 35416K, reserved 1079296K
  class space    used 6385K, capacity 6470K, committed 6528K, reserved 1048576K
Event: 18.022 GC heap after
Heap after GC invocations=5 (full 1):
 PSYoungGen      total 237056K, used 6312K [0x00000000eab00000, 0x00000000fa980000, 0x0000000100000000)
  eden space 215552K, 0% used [0x00000000eab00000,0x00000000eab00000,0x00000000f7d80000)
  from space 21504K, 29% used [0x00000000f9280000,0x00000000f98aa360,0x00000000fa780000)
  to   space 21504K, 0% used [0x00000000f7d80000,0x00000000f7d80000,0x00000000f9280000)
 ParOldGen       total 349696K, used 5280K [0x00000000c0000000, 0x00000000d5580000, 0x00000000eab00000)
  object space 349696K, 1% used [0x00000000c0000000,0x00000000c0528068,0x00000000d5580000)
 Metaspace       used 35111K, capacity 35302K, committed 35416K, reserved 1079296K
  class space    used 6385K, capacity 6470K, committed 6528K, reserved 1048576K
}
Event: 18.022 GC heap before
{Heap before GC invocations=6 (full 2):
 PSYoungGen      total 237056K, used 6312K [0x00000000eab00000, 0x00000000fa980000, 0x0000000100000000)
  eden space 215552K, 0% used [0x00000000eab00000,0x00000000eab00000,0x00000000f7d80000)
  from space 21504K, 29% used [0x00000000f9280000,0x00000000f98aa360,0x00000000fa780000)
  to   space 21504K, 0% used [0x00000000f7d80000,0x00000000f7d80000,0x00000000f9280000)
 ParOldGen       total 349696K, used 5280K [0x00000000c0000000, 0x00000000d5580000, 0x00000000eab00000)
  object space 349696K, 1% used [0x00000000c0000000,0x00000000c0528068,0x00000000d5580000)
 Metaspace       used 35111K, capacity 35302K, committed 35416K, reserved 1079296K
  class space    used 6385K, capacity 6470K, committed 6528K, reserved 1048576K
Event: 18.208 GC heap after
Heap after GC invocations=6 (full 2):
 PSYoungGen      total 237056K, used 0K [0x00000000eab00000, 0x00000000fa980000, 0x0000000100000000)
  eden space 215552K, 0% used [0x00000000eab00000,0x00000000eab00000,0x00000000f7d80000)
  from space 21504K, 0% used [0x00000000f9280000,0x00000000f9280000,0x00000000fa780000)
  to   space 21504K, 0% used [0x00000000f7d80000,0x00000000f7d80000,0x00000000f9280000)
 ParOldGen       total 349696K, used 9208K [0x00000000c0000000, 0x00000000d5580000, 0x00000000eab00000)
  object space 349696K, 2% used [0x00000000c0000000,0x00000000c08fe328,0x00000000d5580000)
 Metaspace       used 35108K, capacity 35296K, committed 35416K, reserved 1079296K
  class space    used 6384K, capacity 6468K, committed 6528K, reserved 1048576K
}
Event: 117.934 GC heap before
{Heap before GC invocations=7 (full 2):
 PSYoungGen      total 237056K, used 215552K [0x00000000eab00000, 0x00000000fa980000, 0x0000000100000000)
  eden space 215552K, 100% used [0x00000000eab00000,0x00000000f7d80000,0x00000000f7d80000)
  from space 21504K, 0% used [0x00000000f9280000,0x00000000f9280000,0x00000000fa780000)
  to   space 21504K, 0% used [0x00000000f7d80000,0x00000000f7d80000,0x00000000f9280000)
 ParOldGen       total 349696K, used 9208K [0x00000000c0000000, 0x00000000d5580000, 0x00000000eab00000)
  object space 349696K, 2% used [0x00000000c0000000,0x00000000c08fe328,0x00000000d5580000)
 Metaspace       used 43704K, capacity 43974K, committed 44120K, reserved 1085440K
  class space    used 8191K, capacity 8254K, committed 8320K, reserved 1048576K

Deoptimization events (10 events):
Event: 23.601 Thread 0x00007f9c68008000 Uncommon trap: reason=bimorphic action=maybe_recompile pc=0x00007f9c595eb0cc method=java.util.AbstractCollection.addAll(Ljava/util/Collection;)Z @ 29
Event: 23.601 Thread 0x00007f9c68008000 Uncommon trap: reason=bimorphic action=maybe_recompile pc=0x00007f9c59e24498 method=java.util.AbstractCollection.isEmpty()Z @ 1
Event: 23.602 Thread 0x00007f9c68008000 Uncommon trap: reason=bimorphic action=maybe_recompile pc=0x00007f9c595eb0cc method=java.util.AbstractCollection.addAll(Ljava/util/Collection;)Z @ 29
Event: 23.605 Thread 0x00007f9c68008000 Uncommon trap: reason=class_check action=maybe_recompile pc=0x00007f9c59aad5d4 method=java.lang.Throwable.<init>(Ljava/lang/String;Ljava/lang/Throwable;)V @ 24
Event: 23.606 Thread 0x00007f9c68008000 Uncommon trap: reason=class_check action=maybe_recompile pc=0x00007f9c59e2556c method=com.typesafe.config.impl.Tokenizer$TokenIterator.nextCharRaw()I @ 14
Event: 23.606 Thread 0x00007f9c68008000 Uncommon trap: reason=class_check action=maybe_recompile pc=0x00007f9c59e2556c method=com.typesafe.config.impl.Tokenizer$TokenIterator.nextCharRaw()I @ 14
Event: 23.606 Thread 0x00007f9c68008000 Uncommon trap: reason=class_check action=maybe_recompile pc=0x00007f9c59e2556c method=com.typesafe.config.impl.Tokenizer$TokenIterator.nextCharRaw()I @ 14
Event: 23.606 Thread 0x00007f9c68008000 Uncommon trap: reason=class_check action=maybe_recompile pc=0x00007f9c59e2556c method=com.typesafe.config.impl.Tokenizer$TokenIterator.nextCharRaw()I @ 14
Event: 23.701 Thread 0x00007f9c68008000 Uncommon trap: reason=bimorphic action=maybe_recompile pc=0x00007f9c598877bc method=java.util.regex.Pattern$CharProperty.match(Ljava/util/regex/Matcher;ILjava/lang/CharSequence;)Z @ 37
Event: 109.242 Thread 0x00007f9c68008000 Uncommon trap: reason=range_check action=make_not_entrant pc=0x00007f9c59c70ec0 method=sun.reflect.generics.parser.SignatureParser.current()C @ 34

Internal exceptions (10 events):
Event: 10.558 Thread 0x00007f9c68008000 Exception <a 'java/lang/ClassNotFoundException': scala/reflect/ScalaLongSignature> (0x00000000ec232450) thrown at [/HUDSON3/workspace/8-2-build-linux-amd64/jdk8u121/8372/hotspot/src/share/vm/classfile/systemDictionary.cpp, line 210]
Event: 10.575 Thread 0x00007f9c68008000 Exception <a 'java/lang/ClassNotFoundException': scala/reflect/ScalaSignature> (0x00000000ec240c90) thrown at [/HUDSON3/workspace/8-2-build-linux-amd64/jdk8u121/8372/hotspot/src/share/vm/classfile/systemDictionary.cpp, line 210]
Event: 10.575 Thread 0x00007f9c68008000 Exception <a 'java/lang/ClassNotFoundException': scala/reflect/ScalaLongSignature> (0x00000000ec241320) thrown at [/HUDSON3/workspace/8-2-build-linux-amd64/jdk8u121/8372/hotspot/src/share/vm/classfile/systemDictionary.cpp, line 210]
Event: 10.578 Thread 0x00007f9c68008000 Exception <a 'java/lang/ArrayIndexOutOfBoundsException'> (0x00000000ec246120) thrown at [/HUDSON3/workspace/8-2-build-linux-amd64/jdk8u121/8372/hotspot/src/share/vm/runtime/sharedRuntime.cpp, line 605]
Event: 17.788 Thread 0x00007f9c683c5000 Exception <a 'java/io/FileNotFoundException'> (0x00000000ebb6a320) thrown at [/HUDSON3/workspace/8-2-build-linux-amd64/jdk8u121/8372/hotspot/src/share/vm/prims/jni.cpp, line 709]
Event: 19.763 Thread 0x00007f9c68008000 Exception <a 'java/security/PrivilegedActionException'> (0x00000000ec2b4918) thrown at [/HUDSON3/workspace/8-2-build-linux-amd64/jdk8u121/8372/hotspot/src/share/vm/prims/jvm.cpp, line 1390]
Event: 19.764 Thread 0x00007f9c68008000 Exception <a 'java/security/PrivilegedActionException'> (0x00000000ec2b50e0) thrown at [/HUDSON3/workspace/8-2-build-linux-amd64/jdk8u121/8372/hotspot/src/share/vm/prims/jvm.cpp, line 1390]
Event: 109.499 Thread 0x00007f9c68008000 Exception <a 'java/lang/ArrayIndexOutOfBoundsException': 120> (0x00000000f75c78a8) thrown at [/HUDSON3/workspace/8-2-build-linux-amd64/jdk8u121/8372/hotspot/src/share/vm/interpreter/interpreterRuntime.cpp, line 366]
Event: 110.050 Thread 0x00007f9c68008000 Exception <a 'java/lang/ArrayIndexOutOfBoundsException': 40> (0x00000000f75c8a38) thrown at [/HUDSON3/workspace/8-2-build-linux-amd64/jdk8u121/8372/hotspot/src/share/vm/interpreter/interpreterRuntime.cpp, line 366]
Event: 117.748 Thread 0x00007f9c68008000 Exception <a 'java/lang/ArrayIndexOutOfBoundsException': 120> (0x00000000f7805210) thrown at [/HUDSON3/workspace/8-2-build-linux-amd64/jdk8u121/8372/hotspot/src/share/vm/interpreter/interpreterRuntime.cpp, line 366]

Events (10 events):
Event: 117.710 loading class akka/actor/ChildRestartStats$
Event: 117.710 loading class akka/actor/ChildRestartStats$ done
Event: 117.722 loading class akka/dispatch/sysmsg/Recreate
Event: 117.722 loading class akka/dispatch/sysmsg/Recreate done
Event: 117.727 Thread 0x00007f9c68392000 Thread added: 0x00007f9c68392000
Event: 117.749 Thread 0x00007f9c68392800 Thread added: 0x00007f9c68392800
Event: 117.764 Thread 0x00007f9c08058800 Thread added: 0x00007f9c08058800
Event: 117.842 loading class akka/dispatch/sysmsg/Suspend
Event: 117.842 loading class akka/dispatch/sysmsg/Suspend done
Event: 117.904 Executing VM operation: ParallelGCFailedAllocation


Dynamic libraries:
00400000-00401000 r-xp 00000000 08:03 797070                             /usr/lib/jvm/java-8-jdk/jre/bin/java
00600000-00601000 rw-p 00000000 08:03 797070                             /usr/lib/jvm/java-8-jdk/jre/bin/java
0215a000-0217b000 rw-p 00000000 00:00 0                                  [heap]
c0000000-d5580000 rw-p 00000000 00:00 0 
d5580000-eab00000 ---p 00000000 00:00 0 
eab00000-fa980000 rw-p 00000000 00:00 0 
ffa00000-100000000 ---p 00000000 00:00 0 
100000000-100820000 rw-p 00000000 00:00 0 
100820000-140000000 ---p 00000000 00:00 0 
7f9c00000000-7f9c00021000 rw-p 00000000 00:00 0 
7f9c00021000-7f9c04000000 ---p 00000000 00:00 0 
7f9c08000000-7f9c0809f000 rw-p 00000000 00:00 0 
7f9c0809f000-7f9c0c000000 ---p 00000000 00:00 0 
7f9c0c000000-7f9c0c290000 rw-p 00000000 00:00 0 
7f9c0c290000-7f9c10000000 ---p 00000000 00:00 0 
7f9c10000000-7f9c10060000 rw-p 00000000 00:00 0 
7f9c10060000-7f9c14000000 ---p 00000000 00:00 0 
7f9c14000000-7f9c14023000 rw-p 00000000 00:00 0 
7f9c14023000-7f9c18000000 ---p 00000000 00:00 0 
7f9c18000000-7f9c18039000 rw-p 00000000 00:00 0 
7f9c18039000-7f9c1c000000 ---p 00000000 00:00 0 
7f9c1d413000-7f9c1d513000 rw-p 00000000 00:00 0 
7f9c1d513000-7f9c1d613000 ---p 00000000 00:00 0 
7f9c1d613000-7f9c1d813000 rw-p 00000000 00:00 0 
7f9c1d813000-7f9c1da13000 rw-p 00000000 00:00 0 
7f9c1da13000-7f9c1da63000 r--s 0028c000 08:03 2104265                    /home/stefan/.ivy2/cache/org.webjars/npm/jars/npm-2.11.2.jar
7f9c1da63000-7f9c1da64000 r--s 00001000 08:03 2104215                    /home/stefan/.ivy2/cache/com.typesafe/npm_2.10/jars/npm_2.10-1.1.1.jar
7f9c1da64000-7f9c1da65000 r--s 00007000 08:03 2104263                    /home/stefan/.ivy2/cache/org.slf4j/slf4j-api/jars/slf4j-api-1.7.12.jar
7f9c1da65000-7f9c1da66000 r--s 00002000 08:03 2104227                    /home/stefan/.ivy2/cache/org.slf4j/slf4j-simple/jars/slf4j-simple-1.7.12.jar
7f9c1da66000-7f9c1da6a000 r--s 00043000 08:03 2104225                    /home/stefan/.ivy2/cache/io.spray/spray-json_2.10/bundles/spray-json_2.10-1.3.2.jar
7f9c1da6a000-7f9c1da6e000 r--s 000ac000 08:03 2104223                    /home/stefan/.ivy2/cache/io.apigee.trireme/trireme-node10src/jars/trireme-node10src-0.8.5.jar
7f9c1da6e000-7f9c1da7b000 r--s 0010f000 08:03 2104261                    /home/stefan/.ivy2/cache/io.apigee/rhino/jars/rhino-1.7R5pre4.jar
7f9c1da7b000-7f9c1da83000 r--s 00060000 08:03 2104221                    /home/stefan/.ivy2/cache/io.apigee.trireme/trireme-core/jars/trireme-core-0.8.5.jar
7f9c1da83000-7f9c1da84000 r--s 0001e000 08:03 2104257                    /home/stefan/.ivy2/cache/org.fusesource.leveldbjni/leveldbjni-win64/jars/leveldbjni-win64-1.5.jar
7f9c1da84000-7f9c1da85000 r--s 0001b000 08:03 2104255                    /home/stefan/.ivy2/cache/org.fusesource.leveldbjni/leveldbjni-win32/jars/leveldbjni-win32-1.5.jar
7f9c1da85000-7f9c1da86000 r--s 00044000 08:03 2104253                    /home/stefan/.ivy2/cache/org.fusesource.leveldbjni/leveldbjni-linux64/jars/leveldbjni-linux64-1.5.jar
7f9c1da86000-7f9c1da87000 r--s 00044000 08:03 2104251                    /home/stefan/.ivy2/cache/org.fusesource.leveldbjni/leveldbjni-linux32/jars/leveldbjni-linux32-1.5.jar
7f9c1da87000-7f9c1da88000 r--s 00028000 08:03 2104249                    /home/stefan/.ivy2/cache/org.fusesource.leveldbjni/leveldbjni-osx/jars/leveldbjni-osx-1.5.jar
7f9c1da88000-7f9c1da89000 r--s 00004000 08:03 2104259                    /home/stefan/.ivy2/cache/org.fusesource.hawtjni/hawtjni-runtime/jars/hawtjni-runtime-1.8.jar
7f9c1da89000-7f9c1da8b000 r--s 0000c000 08:03 2104247                    /home/stefan/.ivy2/cache/org.fusesource.leveldbjni/leveldbjni/jars/leveldbjni-1.7.jar
7f9c1da8b000-7f9c1da8e000 r--s 000fa000 08:03 2104243                    /home/stefan/.ivy2/cache/org.fusesource.leveldbjni/leveldbjni-all/bundles/leveldbjni-all-1.7.jar
7f9c1da8e000-7f9c1da90000 r--s 00001000 08:03 2104245                    /home/stefan/.ivy2/cache/org.iq80.leveldb/leveldb-api/jars/leveldb-api-0.5.jar
7f9c1da90000-7f9c1da94000 r--s 00034000 08:03 2104241                    /home/stefan/.ivy2/cache/org.iq80.leveldb/leveldb/jars/leveldb-0.5.jar
7f9c1da94000-7f9c1daa2000 r--s 000bf000 08:03 2104233                    /home/stefan/.ivy2/cache/com.typesafe.akka/akka-persistence-experimental_2.10/jars/akka-persistence-experimental_2.10-2.3.11.jar
7f9c1daa2000-7f9c1dab2000 r--s 000f7000 08:03 2104231                    /home/stefan/.ivy2/cache/com.typesafe.akka/akka-cluster_2.10/jars/akka-cluster_2.10-2.3.11.jar
7f9c1dab2000-7f9c1dab4000 r--s 0000a000 08:03 2104239                    /home/stefan/.ivy2/cache/org.uncommons.maths/uncommons-maths/jars/uncommons-maths-1.2.2a.jar
7f9c1dab4000-7f9c1dabc000 r--s 0007b000 08:03 2104237                    /home/stefan/.ivy2/cache/com.google.protobuf/protobuf-java/bundles/protobuf-java-2.5.0.jar
7f9c1dabc000-7f9c1dad4000 r--s 00115000 08:03 2104235                    /home/stefan/.ivy2/cache/io.netty/netty/bundles/netty-3.8.0.Final.jar
7f9c1dad4000-7f9c1daea000 r--s 00135000 08:03 2104229                    /home/stefan/.ivy2/cache/com.typesafe.akka/akka-remote_2.10/jars/akka-remote_2.10-2.3.11.jar
7f9c1daea000-7f9c1daf9000 r--s 000bf000 08:03 2104219                    /home/stefan/.ivy2/cache/com.typesafe.akka/akka-contrib_2.10/jars/akka-contrib_2.10-2.3.11.jar
7f9c1daf9000-7f9c1db1f000 r--s 00263000 08:03 2104217                    /home/stefan/.ivy2/cache/com.typesafe.akka/akka-actor_2.10/jars/akka-actor_2.10-2.3.11.jar
7f9c1db1f000-7f9c1db23000 r--s 00022000 08:03 1975674                    /home/stefan/.ivy2/cache/com.typesafe/jse_2.10/jars/jse_2.10-1.1.2.jar
7f9c1db23000-7f9c1db27000 r--s 00020000 08:03 2104125                    /home/stefan/.ivy2/cache/scala_2.10/sbt_0.13/com.typesafe.sbt/sbt-js-engine/jars/sbt-js-engine-1.1.3.jar
7f9c1db27000-7f9c1db2a000 r--s 0002e000 08:03 2104213                    /home/stefan/.ivy2/cache/com.fasterxml.jackson.core/jackson-core/bundles/jackson-core-2.3.3.jar
7f9c1db2a000-7f9c1db2c000 r--s 00007000 08:03 2104211                    /home/stefan/.ivy2/cache/com.fasterxml.jackson.core/jackson-annotations/bundles/jackson-annotations-2.3.0.jar
7f9c1db2c000-7f9c1db3d000 r--s 000cf000 08:03 2104209                    /home/stefan/.ivy2/cache/com.fasterxml.jackson.core/jackson-databind/bundles/jackson-databind-2.3.3.jar
7f9c1db3d000-7f9c1db44000 r--s 00056000 08:03 1975672                    /home/stefan/.ivy2/cache/org.apache.commons/commons-compress/jars/commons-compress-1.9.jar
7f9c1db44000-7f9c1db45000 r--s 00006000 08:03 2104207                    /home/stefan/.ivy2/cache/org.webjars/webjars-locator-core/jars/webjars-locator-core-0.26.jar
7f9c1db45000-7f9c1db47000 r--s 00002000 08:03 2104205                    /home/stefan/.ivy2/cache/org.webjars/webjars-locator/jars/webjars-locator-0.26.jar
7f9c1db47000-7f9c1db4f000 r--s 0003e000 08:03 1975670                    /home/stefan/.ivy2/cache/scala_2.10/sbt_0.13/com.typesafe.sbt/sbt-web/jars/sbt-web-1.2.2.jar
7f9c1db4f000-7f9c1db8f000 r--s 00277000 08:03 2104203                    /home/stefan/.ivy2/cache/org.bouncycastle/bcprov-jdk15on/jars/bcprov-jdk15on-1.51.jar
7f9c1db8f000-7f9c1db96000 r--s 00038000 08:03 2104151                    /home/stefan/.ivy2/cache/org.bouncycastle/bcpg-jdk15on/jars/bcpg-jdk15on-1.51.jar
7f9c1db96000-7f9c1db97000 r--s 00004000 08:03 2104201                    /home/stefan/.ivy2/cache/org.apache.ant/ant-launcher/jars/ant-launcher-1.9.3.jar
7f9c1db97000-7f9c1dbb6000 r--s 001cc000 08:03 2104149                    /home/stefan/.ivy2/cache/org.apache.ant/ant/jars/ant-1.9.3.jar
7f9c1dbb6000-7f9c1dbba000 r--s 00020000 08:03 2104167                    /home/stefan/.ivy2/cache/org.eclipse.aether/aether-impl/jars/aether-impl-0.9.0.M2.jar
7f9c1dbba000-7f9c1dbbe000 r--s 0001d000 08:03 2104171                    /home/stefan/.ivy2/cache/org.eclipse.aether/aether-util/jars/aether-util-0.9.0.M2.jar
7f9c1dbbe000-7f9c1dbc0000 r--s 00003000 08:03 2104199                    /home/stefan/.ivy2/cache/org.eclipse.aether/aether-spi/jars/aether-spi-0.9.0.M2.jar
7f9c1dbc0000-7f9c1dbc4000 r--s 0001d000 08:03 2104169                    /home/stefan/.ivy2/cache/org.eclipse.aether/aether-api/jars/aether-api-0.9.0.M2.jar
7f9c1dbc4000-7f9c1dbc6000 r--s 0000e000 08:03 2104165                    /home/stefan/.ivy2/cache/org.apache.maven/maven-aether-provider/jars/maven-aether-provider-3.2.2.jar
7f9c1dbc6000-7f9c1dbcb000 r--s 00025000 08:03 2104163                    /home/stefan/.ivy2/cache/org.apache.maven/maven-model-builder/jars/maven-model-builder-3.2.2.jar
7f9c1dbcb000-7f9c1dbce000 r--s 0000a000 08:03 2104179                    /home/stefan/.ivy2/cache/org.codehaus.plexus/plexus-classworlds/bundles/plexus-classworlds-2.5.1.jar
7f9c1dbce000-7f9c1dbd4000 r--s 00042000 08:03 2104191                    /home/stefan/.ivy2/cache/org.eclipse.sisu/org.eclipse.sisu.inject/eclipse-plugins/org.eclipse.sisu.inject-0.0.0.M5.jar
7f9c1dbd4000-7f9c1dbd6000 r--s 00000000 08:03 2104197                    /home/stefan/.ivy2/cache/aopalliance/aopalliance/jars/aopalliance-1.0.jar
7f9c1dbd6000-7f9c1dbde000 r--s 00050000 08:03 2104189                    /home/stefan/.ivy2/cache/org.sonatype.sisu/sisu-guice/jars/sisu-guice-3.1.3-no_aop.jar
7f9c1dbde000-7f9c1dbdf000 r--s 00000000 08:03 2104195                    /home/stefan/.ivy2/cache/javax.inject/javax.inject/jars/javax.inject-1.jar
7f9c1dbdf000-7f9c1dbe0000 r--s 00001000 08:03 2104193                    /home/stefan/.ivy2/cache/javax.annotation/jsr250-api/jars/jsr250-api-1.0.jar
7f9c1dbe0000-7f9c1dbe3000 r--s 00008000 08:03 2104187                    /home/stefan/.ivy2/cache/javax.enterprise/cdi-api/jars/cdi-api-1.0.jar
7f9c1dbe3000-7f9c1dbe9000 r--s 0002a000 08:03 2104173                    /home/stefan/.ivy2/cache/org.eclipse.sisu/org.eclipse.sisu.plexus/eclipse-plugins/org.eclipse.sisu.plexus-0.0.0.M5.jar
7f9c1dbe9000-7f9c1dbeb000 r--s 0000a000 08:03 2104147                    /home/stefan/.ivy2/cache/org.apache.maven/maven-plugin-api/jars/maven-plugin-api-3.2.2.jar
7f9c1dbeb000-7f9c1dbee000 r--s 0000b000 08:03 2104161                    /home/stefan/.ivy2/cache/org.apache.maven/maven-artifact/jars/maven-artifact-3.2.2.jar
7f9c1dbee000-7f9c1dbf0000 r--s 00005000 08:03 2104159                    /home/stefan/.ivy2/cache/org.apache.maven/maven-repository-metadata/jars/maven-repository-metadata-3.2.2.jar
7f9c1dbf0000-7f9c1dbf2000 r--s 00002000 08:03 2104185                    /home/stefan/.ivy2/cache/org.sonatype.plexus/plexus-cipher/jars/plexus-cipher-1.7.jar
7f9c1dbf2000-7f9c1dbf3000 r--s 00006000 08:03 2104183                    /home/stefan/.ivy2/cache/org.sonatype.plexus/plexus-sec-dispatcher/jars/plexus-sec-dispatcher-1.3.jar
7f9c1dbf3000-7f9c1dbf5000 r--s 00000000 08:03 2104181                    /home/stefan/.ivy2/cache/org.codehaus.plexus/plexus-component-annotations/jars/plexus-component-annotations-1.5.5.jar
7f9c1dbf5000-7f9c1dbf8000 r--s 0000d000 08:03 2104175                    /home/stefan/.ivy2/cache/org.codehaus.plexus/plexus-interpolation/jars/plexus-interpolation-1.19.jar
7f9c1dbf8000-7f9c1dbfa000 r--s 00009000 08:03 2104157                    /home/stefan/.ivy2/cache/org.apache.maven/maven-settings-builder/jars/maven-settings-builder-3.2.2.jar
7f9c1dbfa000-7f9c1dbfc000 r--s 00009000 08:03 2104155                    /home/stefan/.ivy2/cache/org.apache.maven/maven-settings/jars/maven-settings-3.2.2.jar
7f9c1dbfc000-7f9c1dc00000 r--s 0003a000 08:03 2104177                    /home/stefan/.ivy2/cache/org.codehaus.plexus/plexus-utils/jars/plexus-utils-3.0.17.jar
7f9c1dc00000-7f9c1dc03000 r--s 00025000 08:03 2104153                    /home/stefan/.ivy2/cache/org.apache.maven/maven-model/jars/maven-model-3.2.2.jar
7f9c1dc03000-7f9c1dc0f000 r--s 00081000 08:03 2104145                    /home/stefan/.ivy2/cache/org.apache.maven/maven-core/jars/maven-core-3.2.2.jar
7f9c1dc0f000-7f9c1dc25000 r--s 0010a000 08:03 2104143                    /home/stefan/.ivy2/cache/org.vafer/jdeb/jars/jdeb-1.3.jar
7f9c1dc25000-7f9c1dc3e000 r--s 000e7000 08:03 2104123                    /home/stefan/.ivy2/cache/scala_2.10/sbt_0.13/com.typesafe.sbt/sbt-native-packager/jars/sbt-native-packager-1.0.1.jar
7f9c1dc3e000-7f9c1dc46000 r--s 00041000 08:03 2104141                    /home/stefan/.ivy2/cache/com.typesafe.play/twirl-parser_2.10/jars/twirl-parser_2.10-1.1.1.jar
7f9c1dc46000-7f9c1dc7c000 r--s 002d9000 08:03 1344429                    /home/stefan/.sbt/boot/scala-2.10.4/lib/scala-reflect.jar
7f9c1dc7c000-7f9c1dd79000 r--s 00cca000 08:03 1344430                    /home/stefan/.sbt/boot/scala-2.10.4/lib/scala-compiler.jar
7f9c1dd79000-7f9c1dd7c000 r--s 00019000 08:03 2104139                    /home/stefan/.ivy2/cache/com.typesafe.play/twirl-compiler_2.10/jars/twirl-compiler_2.10-1.1.1.jar
7f9c1dd7c000-7f9c1dd7f000 r--s 00011000 08:03 2104121                    /home/stefan/.ivy2/cache/scala_2.10/sbt_0.13/com.typesafe.sbt/sbt-twirl/jars/sbt-twirl-1.1.1.jar
7f9c1dd7f000-7f9c1dd81000 r--s 000a0000 08:03 2104119                    /home/stefan/.ivy2/cache/net.contentobjects.jnotify/jnotify/jars/jnotify-0.94-play-1.jar
7f9c1dd81000-7f9c1dd8f000 r--s 00191000 08:03 2104117                    /home/stefan/.ivy2/cache/com.h2database/h2/jars/h2-1.4.187.jar
7f9c1dd8f000-7f9c1ddba000 r--s 001fc000 08:03 2104115                    /home/stefan/.ivy2/cache/com.google.guava/guava/bundles/guava-18.0.jar
7f9c1ddba000-7f9c1ddbf000 r--s 0003f000 08:03 2104113                    /home/stefan/.ivy2/cache/com.typesafe/config/bundles/config-1.3.0.jar
7f9c1ddbf000-7f9c1ddc8000 r--s 000ae000 08:03 2104127                    /home/stefan/.ivy2/cache/org.javassist/javassist/bundles/javassist-3.19.0-GA.jar
7f9c1ddc8000-7f9c1ddca000 r--s 00000000 08:03 2104137                    /home/stefan/.ivy2/cache/com.typesafe.play/play-exceptions/jars/play-exceptions-2.4.2.jar
7f9c1ddca000-7f9c1ddce000 r--s 00021000 08:03 2104111                    /home/stefan/.ivy2/cache/com.typesafe.play/sbt-run-support_2.10/jars/sbt-run-support_2.10-2.4.2.jar
7f9c1ddce000-7f9c1ddd2000 r--s 0002a000 08:03 2104131                    /home/stefan/.ivy2/cache/commons-io/commons-io/jars/commons-io-2.4.jar
7f9c1ddd2000-7f9c1ddd9000 r--s 00064000 08:03 2104133                    /home/stefan/.ivy2/cache/org.apache.commons/commons-lang3/jars/commons-lang3-3.4.jar
7f9c1ddd9000-7f9c1dddb000 r--s 0000d000 08:03 2104129                    /home/stefan/.ivy2/cache/com.typesafe.play/twirl-api_2.10/jars/twirl-api_2.10-1.1.1.jar
7f9c1dddb000-7f9c1de4d000 r--s 0065a000 08:03 1344431                    /home/stefan/.sbt/boot/scala-2.10.4/lib/scala-library.jar
7f9c1de4d000-7f9c1de5d000 r--s 00083000 08:03 2104109                    /home/stefan/.ivy2/cache/com.typesafe.play/routes-compiler_2.10/jars/routes-compiler_2.10-2.4.2.jar
7f9c1de5d000-7f9c1de66000 r--s 00054000 08:03 2104107                    /home/stefan/.ivy2/cache/scala_2.10/sbt_0.13/com.typesafe.play/sbt-plugin/jars/sbt-plugin-2.4.2.jar
7f9c1de66000-7f9c1e05c000 rw-p 00000000 00:00 0 
7f9c1e05c000-7f9c1e066000 ---p 00000000 00:00 0 
7f9c1e066000-7f9c1e069000 ---p 00000000 00:00 0 
7f9c1e069000-7f9c1e167000 rw-p 00000000 00:00 0 
7f9c1e167000-7f9c1e16a000 ---p 00000000 00:00 0 
7f9c1e16a000-7f9c1e468000 rw-p 00000000 00:00 0 
7f9c1e468000-7f9c1e46b000 ---p 00000000 00:00 0 
7f9c1e46b000-7f9c1e569000 rw-p 00000000 00:00 0 
7f9c1e569000-7f9c1e56c000 ---p 00000000 00:00 0 
7f9c1e56c000-7f9c1e66a000 rw-p 00000000 00:00 0 
7f9c1e66a000-7f9c1e66d000 ---p 00000000 00:00 0 
7f9c1e66d000-7f9c1e76b000 rw-p 00000000 00:00 0 
7f9c1e76b000-7f9c1e76e000 ---p 00000000 00:00 0 
7f9c1e76e000-7f9c1ea6c000 rw-p 00000000 00:00 0 
7f9c1ea6c000-7f9c1ec6c000 rw-p 00000000 00:00 0 
7f9c1ec6c000-7f9c1ee6c000 rw-p 00000000 00:00 0 
7f9c1ee6c000-7f9c1f06c000 rw-p 00000000 00:00 0 
7f9c1f06c000-7f9c1f26c000 rw-p 00000000 00:00 0 
7f9c1f26c000-7f9c1f46c000 rw-p 00000000 00:00 0 
7f9c1f46c000-7f9c1f46e000 r--s 0000b000 00:24 106                        /tmp/sbt-global-pluginstub/boot/scala-2.10.4/org.scala-sbt/sbt/0.13.5/xsbti/interface-0.13.5.jar
7f9c1f46e000-7f9c1f470000 r--s 00001000 00:24 60                         /tmp/sbt-global-pluginstub/boot/scala-2.10.4/org.scala-sbt/sbt/0.13.5/launcher-interface-0.13.5.jar
7f9c1f470000-7f9c1f472000 r--s 00006000 00:24 61                         /tmp/sbt-global-pluginstub/boot/scala-2.10.4/org.scala-sbt/sbt/0.13.5/relation-0.13.5.jar
7f9c1f472000-7f9c1f476000 r--s 00034000 00:24 63                         /tmp/sbt-global-pluginstub/boot/scala-2.10.4/org.scala-sbt/sbt/0.13.5/jsch-0.1.46.jar
7f9c1f476000-7f9c1f47e000 r--s 0005e000 00:24 65                         /tmp/sbt-global-pluginstub/boot/scala-2.10.4/org.scala-sbt/sbt/0.13.5/incremental-compiler-0.13.5.jar
7f9c1f47e000-7f9c1f493000 r--s 00116000 00:24 66                         /tmp/sbt-global-pluginstub/boot/scala-2.10.4/org.scala-sbt/sbt/0.13.5/ivy-2.3.0.jar
7f9c1f493000-7f9c1f496000 r--s 0001d000 00:24 69                         /tmp/sbt-global-pluginstub/boot/scala-2.10.4/org.scala-sbt/sbt/0.13.5/tasks-0.13.5.jar
7f9c1f496000-7f9c1f499000 r--s 00017000 00:24 70                         /tmp/sbt-global-pluginstub/boot/scala-2.10.4/org.scala-sbt/sbt/0.13.5/testing-0.13.5.jar
7f9c1f499000-7f9c1f4a3000 r--s 00090000 00:24 71                         /tmp/sbt-global-pluginstub/boot/scala-2.10.4/org.scala-sbt/sbt/0.13.5/main-settings-0.13.5.jar
7f9c1f4a3000-7f9c1f4a7000 r--s 00024000 00:24 72                         /tmp/sbt-global-pluginstub/boot/scala-2.10.4/org.scala-sbt/sbt/0.13.5/persist-0.13.5.jar
7f9c1f4a7000-7f9c1f6a7000 rw-p 00000000 00:00 0 
7f9c1f6a7000-7f9c1f6aa000 r--s 00018000 00:24 73                         /tmp/sbt-global-pluginstub/boot/scala-2.10.4/org.scala-sbt/sbt/0.13.5/logging-0.13.5.jar
7f9c1f6aa000-7f9c1f6ad000 r--s 0001d000 00:24 74                         /tmp/sbt-global-pluginstub/boot/scala-2.10.4/org.scala-sbt/sbt/0.13.5/task-system-0.13.5.jar
7f9c1f6ad000-7f9c1f6b0000 r--s 0001a000 00:24 76                         /tmp/sbt-global-pluginstub/boot/scala-2.10.4/org.scala-sbt/sbt/0.13.5/cache-0.13.5.jar
7f9c1f6b0000-7f9c1f6b2000 r--s 00002000 00:24 77                         /tmp/sbt-global-pluginstub/boot/scala-2.10.4/org.scala-sbt/sbt/0.13.5/control-0.13.5.jar
7f9c1f6b2000-7f9c1f6ba000 r--s 00057000 00:24 78                         /tmp/sbt-global-pluginstub/boot/scala-2.10.4/org.scala-sbt/sbt/0.13.5/completion-0.13.5.jar
7f9c1f6ba000-7f9c1f6c1000 r--s 00049000 00:24 79                         /tmp/sbt-global-pluginstub/boot/scala-2.10.4/org.scala-sbt/sbt/0.13.5/api-0.13.5.jar
7f9c1f6c1000-7f9c1f6c5000 r--s 00022000 00:24 80                         /tmp/sbt-global-pluginstub/boot/scala-2.10.4/org.scala-sbt/sbt/0.13.5/sbinary_2.10-0.4.2.jar
7f9c1f6c5000-7f9c1f6c7000 r--s 00002000 00:24 81                         /tmp/sbt-global-pluginstub/boot/scala-2.10.4/org.scala-sbt/sbt/0.13.5/test-interface-1.0.jar
7f9c1f6c7000-7f9c1f6d0000 r--s 00064000 00:24 86                         /tmp/sbt-global-pluginstub/boot/scala-2.10.4/org.scala-sbt/sbt/0.13.5/actions-0.13.5.jar
7f9c1f6d0000-7f9c1f6db000 r--s 000a3000 00:24 87                         /tmp/sbt-global-pluginstub/boot/scala-2.10.4/org.scala-sbt/sbt/0.13.5/ivy-0.13.5.jar
7f9c1f6db000-7f9c1f8db000 rw-p 00000000 00:00 0 
7f9c1f8db000-7f9c1f9d8000 r--s 00cca000 00:24 114                        /tmp/sbt-global-pluginstub/boot/scala-2.10.4/lib/scala-compiler.jar
7f9c1f9d8000-7f9c1fbd8000 rw-p 00000000 00:00 0 
7f9c1fbd8000-7f9c1fbe9000 r-xp 00000000 08:03 796956                     /usr/lib/jvm/java-8-jdk/jre/lib/amd64/libnio.so
7f9c1fbe9000-7f9c1fde8000 ---p 00011000 08:03 796956                     /usr/lib/jvm/java-8-jdk/jre/lib/amd64/libnio.so
7f9c1fde8000-7f9c1fde9000 rw-p 00010000 08:03 796956                     /usr/lib/jvm/java-8-jdk/jre/lib/amd64/libnio.so
7f9c1fde9000-7f9c1fdff000 r-xp 00000000 08:03 796980                     /usr/lib/jvm/java-8-jdk/jre/lib/amd64/libnet.so
7f9c1fdff000-7f9c1ffff000 ---p 00016000 08:03 796980                     /usr/lib/jvm/java-8-jdk/jre/lib/amd64/libnet.so
7f9c1ffff000-7f9c20000000 rw-p 00016000 08:03 796980                     /usr/lib/jvm/java-8-jdk/jre/lib/amd64/libnet.so
7f9c20000000-7f9c20021000 rw-p 00000000 00:00 0 
7f9c20021000-7f9c24000000 ---p 00000000 00:00 0 
7f9c24000000-7f9c24021000 rw-p 00000000 00:00 0 
7f9c24021000-7f9c28000000 ---p 00000000 00:00 0 
7f9c28000000-7f9c29999000 rw-p 00000000 00:00 0 
7f9c29999000-7f9c2c000000 ---p 00000000 00:00 0 
7f9c2c000000-7f9c2cdc9000 rw-p 00000000 00:00 0 
7f9c2cdc9000-7f9c30000000 ---p 00000000 00:00 0 
7f9c30000000-7f9c30021000 rw-p 00000000 00:00 0 
7f9c30021000-7f9c34000000 ---p 00000000 00:00 0 
7f9c34000000-7f9c35688000 rw-p 00000000 00:00 0 
7f9c35688000-7f9c38000000 ---p 00000000 00:00 0 
7f9c38000000-7f9c38021000 rw-p 00000000 00:00 0 
7f9c38021000-7f9c3c000000 ---p 00000000 00:00 0 
7f9c3c000000-7f9c3c021000 rw-p 00000000 00:00 0 
7f9c3c021000-7f9c40000000 ---p 00000000 00:00 0 
7f9c40000000-7f9c402b0000 rw-p 00000000 00:00 0 
7f9c402b0000-7f9c44000000 ---p 00000000 00:00 0 
7f9c44000000-7f9c44001000 r--s 00000000 08:03 2104135                    /home/stefan/.ivy2/cache/com.typesafe.play/build-link/jars/build-link-2.4.2.jar
7f9c44001000-7f9c44004000 r--s 00019000 00:24 84                         /tmp/sbt-global-pluginstub/boot/scala-2.10.4/org.scala-sbt/sbt/0.13.5/compile-0.13.5.jar
7f9c44004000-7f9c44007000 r--s 00012000 00:24 85                         /tmp/sbt-global-pluginstub/boot/scala-2.10.4/org.scala-sbt/sbt/0.13.5/classfile-0.13.5.jar
7f9c44007000-7f9c44009000 r--s 00001000 00:24 88                         /tmp/sbt-global-pluginstub/boot/scala-2.10.4/org.scala-sbt/sbt/0.13.5/compiler-ivy-integration-0.13.5.jar
7f9c44009000-7f9c4400b000 r--s 00014000 00:24 89                         /tmp/sbt-global-pluginstub/boot/scala-2.10.4/org.scala-sbt/sbt/0.13.5/apply-macro-0.13.5.jar
7f9c4400b000-7f9c44010000 r--s 00036000 00:24 90                         /tmp/sbt-global-pluginstub/boot/scala-2.10.4/org.scala-sbt/sbt/0.13.5/command-0.13.5.jar
7f9c44010000-7f9c44013000 r--s 0000e000 00:24 91                         /tmp/sbt-global-pluginstub/boot/scala-2.10.4/org.scala-sbt/sbt/0.13.5/compiler-integration-0.13.5.jar
7f9c44013000-7f9c44016000 r--s 00013000 00:24 94                         /tmp/sbt-global-pluginstub/boot/scala-2.10.4/org.scala-sbt/sbt/0.13.5/classpath-0.13.5.jar
7f9c44016000-7f9c44019000 r--s 00030000 00:24 96                         /tmp/sbt-global-pluginstub/boot/scala-2.10.4/org.scala-sbt/sbt/0.13.5/jline-2.11.jar
7f9c44019000-7f9c4401f000 r--s 0003d000 00:24 100                        /tmp/sbt-global-pluginstub/boot/scala-2.10.4/org.scala-sbt/sbt/0.13.5/io-0.13.5.jar
7f9c4401f000-7f9c44055000 r--s 002d9000 00:24 101                        /tmp/sbt-global-pluginstub/boot/scala-2.10.4/org.scala-sbt/sbt/0.13.5/scala-reflect-2.10.4.jar
7f9c44055000-7f9c4407c000 r--s 00200000 00:24 102                        /tmp/sbt-global-pluginstub/boot/scala-2.10.4/org.scala-sbt/sbt/0.13.5/main-0.13.5.jar
7f9c4407c000-7f9c440b2000 r--s 002d9000 00:24 113                        /tmp/sbt-global-pluginstub/boot/scala-2.10.4/lib/scala-reflect.jar
7f9c440b2000-7f9c44124000 r--s 0065a000 00:24 115                        /tmp/sbt-global-pluginstub/boot/scala-2.10.4/lib/scala-library.jar
7f9c44124000-7f9c44137000 r--s 00345000 08:03 796850                     /usr/lib/jvm/java-8-jdk/jre/lib/resources.jar
7f9c44137000-7f9c44153000 r--s 0010c000 08:03 3019679                    /home/stefan/.IntelliJIdea2017.1/config/plugins/Scala/launcher/sbt-launch.jar
7f9c44153000-7f9c44154000 ---p 00000000 00:00 0 
7f9c44154000-7f9c44254000 rw-p 00000000 00:00 0 
7f9c44254000-7f9c44257000 ---p 00000000 00:00 0 
7f9c44257000-7f9c44355000 rw-p 00000000 00:00 0 
7f9c44355000-7f9c44358000 ---p 00000000 00:00 0 
7f9c44358000-7f9c44456000 rw-p 00000000 00:00 0 
7f9c44456000-7f9c44459000 ---p 00000000 00:00 0 
7f9c44459000-7f9c44557000 rw-p 00000000 00:00 0 
7f9c44557000-7f9c4455a000 ---p 00000000 00:00 0 
7f9c4455a000-7f9c44658000 rw-p 00000000 00:00 0 
7f9c44658000-7f9c4465b000 ---p 00000000 00:00 0 
7f9c4465b000-7f9c44759000 rw-p 00000000 00:00 0 
7f9c44759000-7f9c448f1000 r--p 00000000 08:03 149647                     /usr/lib/locale/locale-archive
7f9c448f1000-7f9c448f4000 ---p 00000000 00:00 0 
7f9c448f4000-7f9c449f2000 rw-p 00000000 00:00 0 
7f9c449f2000-7f9c449f5000 ---p 00000000 00:00 0 
7f9c449f5000-7f9c44af3000 rw-p 00000000 00:00 0 
7f9c44af3000-7f9c44af4000 ---p 00000000 00:00 0 
7f9c44af4000-7f9c48000000 rw-p 00000000 00:00 0 
7f9c48000000-7f9c48021000 rw-p 00000000 00:00 0 
7f9c48021000-7f9c4c000000 ---p 00000000 00:00 0 
7f9c4c000000-7f9c4c021000 rw-p 00000000 00:00 0 
7f9c4c021000-7f9c50000000 ---p 00000000 00:00 0 
7f9c50000000-7f9c50022000 rw-p 00000000 00:00 0 
7f9c50022000-7f9c54000000 ---p 00000000 00:00 0 
7f9c54000000-7f9c54021000 rw-p 00000000 00:00 0 
7f9c54021000-7f9c58000000 ---p 00000000 00:00 0 
7f9c58000000-7f9c58001000 r--s 00005000 00:24 62                         /tmp/sbt-global-pluginstub/boot/scala-2.10.4/org.scala-sbt/sbt/0.13.5/test-agent-0.13.5.jar
7f9c58001000-7f9c58004000 r--s 0001e000 00:24 97                         /tmp/sbt-global-pluginstub/boot/scala-2.10.4/org.scala-sbt/sbt/0.13.5/run-0.13.5.jar
7f9c58004000-7f9c58398000 rw-p 00000000 00:00 0 
7f9c58398000-7f9c58571000 r--s 03d3e000 08:03 796869                     /usr/lib/jvm/java-8-jdk/jre/lib/rt.jar
7f9c58571000-7f9c587e7000 rw-p 00000000 00:00 0 
7f9c587e7000-7f9c587e8000 ---p 00000000 00:00 0 
7f9c587e8000-7f9c588e8000 rw-p 00000000 00:00 0 
7f9c588e8000-7f9c588e9000 ---p 00000000 00:00 0 
7f9c588e9000-7f9c589e9000 rw-p 00000000 00:00 0 
7f9c589e9000-7f9c589ea000 ---p 00000000 00:00 0 
7f9c589ea000-7f9c58b95000 rw-p 00000000 00:00 0 
7f9c58b95000-7f9c58c40000 ---p 00000000 00:00 0 
7f9c58c40000-7f9c58c7b000 rw-p 00000000 00:00 0 
7f9c58c7b000-7f9c59000000 ---p 00000000 00:00 0 
7f9c59000000-7f9c59e90000 rwxp 00000000 00:00 0 
7f9c59e90000-7f9c68000000 ---p 00000000 00:00 0 
7f9c68000000-7f9c696f2000 rw-p 00000000 00:00 0 
7f9c696f2000-7f9c6c000000 ---p 00000000 00:00 0 
7f9c6c000000-7f9c6c002000 r--s 0000e000 00:24 95                         /tmp/sbt-global-pluginstub/boot/scala-2.10.4/org.scala-sbt/sbt/0.13.5/logic-0.13.5.jar
7f9c6c002000-7f9c6c006000 r--s 0001b000 00:24 103                        /tmp/sbt-global-pluginstub/boot/scala-2.10.4/org.scala-sbt/sbt/0.13.5/process-0.13.5.jar
7f9c6c006000-7f9c6c027000 rw-p 00000000 00:00 0 
7f9c6c027000-7f9c6c028000 ---p 00000000 00:00 0 
7f9c6c028000-7f9c6c1d3000 rw-p 00000000 00:00 0 
7f9c6c1d3000-7f9c6c27d000 ---p 00000000 00:00 0 
7f9c6c27d000-7f9c6c2fd000 rw-p 00000000 00:00 0 
7f9c6c2fd000-7f9c6c328000 ---p 00000000 00:00 0 
7f9c6c328000-7f9c6c329000 rw-p 00000000 00:00 0 
7f9c6c329000-7f9c6c343000 r-xp 00000000 08:03 796958                     /usr/lib/jvm/java-8-jdk/jre/lib/amd64/libzip.so
7f9c6c343000-7f9c6c543000 ---p 0001a000 08:03 796958                     /usr/lib/jvm/java-8-jdk/jre/lib/amd64/libzip.so
7f9c6c543000-7f9c6c544000 rw-p 0001a000 08:03 796958                     /usr/lib/jvm/java-8-jdk/jre/lib/amd64/libzip.so
7f9c6c544000-7f9c6c54f000 r-xp 00000000 08:03 132172                     /usr/lib/libnss_files-2.25.so
7f9c6c54f000-7f9c6c74e000 ---p 0000b000 08:03 132172                     /usr/lib/libnss_files-2.25.so
7f9c6c74e000-7f9c6c74f000 r--p 0000a000 08:03 132172                     /usr/lib/libnss_files-2.25.so
7f9c6c74f000-7f9c6c750000 rw-p 0000b000 08:03 132172                     /usr/lib/libnss_files-2.25.so
7f9c6c750000-7f9c6c756000 rw-p 00000000 00:00 0 
7f9c6c756000-7f9c6c781000 r-xp 00000000 08:03 796932                     /usr/lib/jvm/java-8-jdk/jre/lib/amd64/libjava.so
7f9c6c781000-7f9c6c980000 ---p 0002b000 08:03 796932                     /usr/lib/jvm/java-8-jdk/jre/lib/amd64/libjava.so
7f9c6c980000-7f9c6c982000 rw-p 0002a000 08:03 796932                     /usr/lib/jvm/java-8-jdk/jre/lib/amd64/libjava.so
7f9c6c982000-7f9c6c98f000 r-xp 00000000 08:03 796979                     /usr/lib/jvm/java-8-jdk/jre/lib/amd64/libverify.so
7f9c6c98f000-7f9c6cb8e000 ---p 0000d000 08:03 796979                     /usr/lib/jvm/java-8-jdk/jre/lib/amd64/libverify.so
7f9c6cb8e000-7f9c6cb90000 rw-p 0000c000 08:03 796979                     /usr/lib/jvm/java-8-jdk/jre/lib/amd64/libverify.so
7f9c6cb90000-7f9c6cb97000 r-xp 00000000 08:03 131845                     /usr/lib/librt-2.25.so
7f9c6cb97000-7f9c6cd96000 ---p 00007000 08:03 131845                     /usr/lib/librt-2.25.so
7f9c6cd96000-7f9c6cd97000 r--p 00006000 08:03 131845                     /usr/lib/librt-2.25.so
7f9c6cd97000-7f9c6cd98000 rw-p 00007000 08:03 131845                     /usr/lib/librt-2.25.so
7f9c6cd98000-7f9c6ceaa000 r-xp 00000000 08:03 131883                     /usr/lib/libm-2.25.so
7f9c6ceaa000-7f9c6d0a9000 ---p 00112000 08:03 131883                     /usr/lib/libm-2.25.so
7f9c6d0a9000-7f9c6d0aa000 r--p 00111000 08:03 131883                     /usr/lib/libm-2.25.so
7f9c6d0aa000-7f9c6d0ab000 rw-p 00112000 08:03 131883                     /usr/lib/libm-2.25.so
7f9c6d0ab000-7f9c6dd79000 r-xp 00000000 08:03 796989                     /usr/lib/jvm/java-8-jdk/jre/lib/amd64/server/libjvm.so
7f9c6dd79000-7f9c6df79000 ---p 00cce000 08:03 796989                     /usr/lib/jvm/java-8-jdk/jre/lib/amd64/server/libjvm.so
7f9c6df79000-7f9c6e052000 rw-p 00cce000 08:03 796989                     /usr/lib/jvm/java-8-jdk/jre/lib/amd64/server/libjvm.so
7f9c6e052000-7f9c6e09d000 rw-p 00000000 00:00 0 
7f9c6e09d000-7f9c6e238000 r-xp 00000000 08:03 132598                     /usr/lib/libc-2.25.so
7f9c6e238000-7f9c6e437000 ---p 0019b000 08:03 132598                     /usr/lib/libc-2.25.so
7f9c6e437000-7f9c6e43b000 r--p 0019a000 08:03 132598                     /usr/lib/libc-2.25.so
7f9c6e43b000-7f9c6e43d000 rw-p 0019e000 08:03 132598                     /usr/lib/libc-2.25.so
7f9c6e43d000-7f9c6e441000 rw-p 00000000 00:00 0 
7f9c6e441000-7f9c6e444000 r-xp 00000000 08:03 131949                     /usr/lib/libdl-2.25.so
7f9c6e444000-7f9c6e643000 ---p 00003000 08:03 131949                     /usr/lib/libdl-2.25.so
7f9c6e643000-7f9c6e644000 r--p 00002000 08:03 131949                     /usr/lib/libdl-2.25.so
7f9c6e644000-7f9c6e645000 rw-p 00003000 08:03 131949                     /usr/lib/libdl-2.25.so
7f9c6e645000-7f9c6e65a000 r-xp 00000000 08:03 796987                     /usr/lib/jvm/java-8-jdk/jre/lib/amd64/jli/libjli.so
7f9c6e65a000-7f9c6e85a000 ---p 00015000 08:03 796987                     /usr/lib/jvm/java-8-jdk/jre/lib/amd64/jli/libjli.so
7f9c6e85a000-7f9c6e85b000 rw-p 00015000 08:03 796987                     /usr/lib/jvm/java-8-jdk/jre/lib/amd64/jli/libjli.so
7f9c6e85b000-7f9c6e874000 r-xp 00000000 08:03 132665                     /usr/lib/libpthread-2.25.so
7f9c6e874000-7f9c6ea73000 ---p 00019000 08:03 132665                     /usr/lib/libpthread-2.25.so
7f9c6ea73000-7f9c6ea74000 r--p 00018000 08:03 132665                     /usr/lib/libpthread-2.25.so
7f9c6ea74000-7f9c6ea75000 rw-p 00019000 08:03 132665                     /usr/lib/libpthread-2.25.so
7f9c6ea75000-7f9c6ea79000 rw-p 00000000 00:00 0 
7f9c6ea79000-7f9c6ea9c000 r-xp 00000000 08:03 132602                     /usr/lib/ld-2.25.so
7f9c6ea9c000-7f9c6ea9d000 r--s 00005000 00:24 64                         /tmp/sbt-global-pluginstub/boot/scala-2.10.4/org.scala-sbt/sbt/0.13.5/sbt-0.13.5.jar
7f9c6ea9d000-7f9c6eaa5000 r--s 0005c000 00:24 104                        /tmp/sbt-global-pluginstub/boot/scala-2.10.4/org.scala-sbt/sbt/0.13.5/collections-0.13.5.jar
7f9c6eaa5000-7f9c6eb6a000 rw-p 00000000 00:00 0 
7f9c6eb6a000-7f9c6eb6d000 ---p 00000000 00:00 0 
7f9c6eb6d000-7f9c6ec6d000 rw-p 00000000 00:00 0 
7f9c6ec6d000-7f9c6ec6e000 r--s 0000a000 00:24 75                         /tmp/sbt-global-pluginstub/boot/scala-2.10.4/org.scala-sbt/sbt/0.13.5/tracking-0.13.5.jar
7f9c6ec6e000-7f9c6ec70000 r--s 00001000 00:24 107                        /tmp/sbt-global-pluginstub/boot/scala-2.10.4/org.scala-sbt/sbt/0.13.5/cross-0.13.5.jar
7f9c6ec70000-7f9c6ec74000 r--s 00025000 00:24 111                        /tmp/sbt-global-pluginstub/boot/scala-2.10.4/lib/jline.jar
7f9c6ec74000-7f9c6ec77000 r--s 00018000 00:24 112                        /tmp/sbt-global-pluginstub/boot/scala-2.10.4/lib/jansi.jar
7f9c6ec77000-7f9c6ec7b000 r--s 0009a000 08:03 796873                     /usr/lib/jvm/java-8-jdk/jre/lib/jsse.jar
7f9c6ec7b000-7f9c6ec8f000 rw-p 00000000 00:00 0 
7f9c6ec8f000-7f9c6ec97000 rw-s 00000000 00:24 46                         /tmp/hsperfdata_stefan/4703
7f9c6ec97000-7f9c6ec98000 rw-p 00000000 00:00 0 
7f9c6ec98000-7f9c6ec99000 ---p 00000000 00:00 0 
7f9c6ec99000-7f9c6ec9b000 rw-p 00000000 00:00 0 
7f9c6ec9b000-7f9c6ec9c000 r--p 00022000 08:03 132602                     /usr/lib/ld-2.25.so
7f9c6ec9c000-7f9c6ec9d000 rw-p 00023000 08:03 132602                     /usr/lib/ld-2.25.so
7f9c6ec9d000-7f9c6ec9e000 rw-p 00000000 00:00 0 
7ffee29e6000-7ffee2a07000 rw-p 00000000 00:00 0                          [stack]
7ffee2baa000-7ffee2bac000 r--p 00000000 00:00 0                          [vvar]
7ffee2bac000-7ffee2bae000 r-xp 00000000 00:00 0                          [vdso]
ffffffffff600000-ffffffffff601000 r-xp 00000000 00:00 0                  [vsyscall]

VM Arguments:
jvm_args: -Dfile.encoding=UTF8 -Djline.terminal=none -Dsbt.log.noformat=true -Dsbt.global.base=/tmp/sbt-global-pluginstub -Xms512M -Xmx1024M -Xss1M -XX:+CMSClassUnloadingEnabled -XX:MaxPermSize=256M 
java_command: xsbt.boot.Boot project isa run
java_class_path (initial): /home/stefan/.IntelliJIdea2017.1/config/plugins/Scala/launcher/sbt-launch.jar
Launcher Type: SUN_STANDARD

Environment Variables:
PATH=/usr/local/sbin:/usr/local/bin:/usr/bin:/usr/lib/jvm/default/bin:/usr/bin/site_perl:/usr/bin/vendor_perl:/usr/bin/core_perl
LD_LIBRARY_PATH=/opt/idea-IU-171.4073.35/bin:
SHELL=/bin/bash
DISPLAY=:0.0

Signal Handlers:
SIGSEGV: [libjvm.so+0xac78c0], sa_mask[0]=11111111011111111101111111111110, sa_flags=SA_RESTART|SA_SIGINFO
SIGBUS: [libjvm.so+0xac78c0], sa_mask[0]=11111111011111111101111111111110, sa_flags=SA_RESTART|SA_SIGINFO
SIGFPE: [libjvm.so+0x920ac0], sa_mask[0]=11111111011111111101111111111110, sa_flags=SA_RESTART|SA_SIGINFO
SIGPIPE: [libjvm.so+0x920ac0], sa_mask[0]=11111111011111111101111111111110, sa_flags=SA_RESTART|SA_SIGINFO
SIGXFSZ: [libjvm.so+0x920ac0], sa_mask[0]=11111111011111111101111111111110, sa_flags=SA_RESTART|SA_SIGINFO
SIGILL: [libjvm.so+0x920ac0], sa_mask[0]=11111111011111111101111111111110, sa_flags=SA_RESTART|SA_SIGINFO
SIGUSR1: SIG_DFL, sa_mask[0]=00000000000000000000000000000000, sa_flags=none
SIGUSR2: [libjvm.so+0x922300], sa_mask[0]=00100000000000000000000000000000, sa_flags=SA_RESTART|SA_SIGINFO
SIGHUP: [libjvm.so+0x923700], sa_mask[0]=11111111011111111101111111111110, sa_flags=SA_RESTART|SA_SIGINFO
SIGINT: [libjvm.so+0x923700], sa_mask[0]=11111111011111111101111111111110, sa_flags=SA_RESTART|SA_SIGINFO
SIGTERM: [libjvm.so+0x923700], sa_mask[0]=11111111011111111101111111111110, sa_flags=SA_RESTART|SA_SIGINFO
SIGQUIT: [libjvm.so+0x923700], sa_mask[0]=11111111011111111101111111111110, sa_flags=SA_RESTART|SA_SIGINFO


---------------  S Y S T E M  ---------------

OS:DISTRIB_ID=ManjaroLinux
DISTRIB_RELEASE=17.0.1
DISTRIB_CODENAME=Gellivara
DISTRIB_DESCRIPTION="Manjaro Linux"

uname:Linux 4.9.24-1-MANJARO #1 SMP PREEMPT Fri Apr 21 08:32:28 UTC 2017 x86_64
libc:glibc 2.25 NPTL 2.25 
rlimit: STACK 8192k, CORE infinity, NPROC 15332, NOFILE 4096, AS infinity
load average:18.86 8.33 4.05

/proc/meminfo:
MemTotal:        3935152 kB
MemFree:          105084 kB
MemAvailable:       5744 kB
Buffers:             500 kB
Cached:           347284 kB
SwapCached:            0 kB
Active:          3309604 kB
Inactive:         323200 kB
Active(anon):    3303828 kB
Inactive(anon):   313600 kB
Active(file):       5776 kB
Inactive(file):     9600 kB
Unevictable:          32 kB
Mlocked:              32 kB
SwapTotal:             0 kB
SwapFree:              0 kB
Dirty:               140 kB
Writeback:             0 kB
AnonPages:       3285340 kB
Mapped:           187680 kB
Shmem:            332120 kB
Slab:              68408 kB
SReclaimable:      30944 kB
SUnreclaim:        37464 kB
KernelStack:       11904 kB
PageTables:        55120 kB
NFS_Unstable:          0 kB
Bounce:                0 kB
WritebackTmp:          0 kB
CommitLimit:     1967576 kB
Committed_AS:    9650996 kB
VmallocTotal:   34359738367 kB
VmallocUsed:           0 kB
VmallocChunk:          0 kB
HardwareCorrupted:     0 kB
AnonHugePages:    862208 kB
ShmemHugePages:        0 kB
ShmemPmdMapped:        0 kB
HugePages_Total:       0
HugePages_Free:        0
HugePages_Rsvd:        0
HugePages_Surp:        0
Hugepagesize:       2048 kB
DirectMap4k:      162496 kB
DirectMap2M:     3915776 kB


CPU:total 4 (4 cores per cpu, 1 threads per core) family 6 model 55 stepping 8, cmov, cx8, fxsr, mmx, sse, sse2, sse3, ssse3, sse4.1, sse4.2, popcnt, clmul, erms, 3dnowpref, tsc, tscinvbit

/proc/cpuinfo:
processor	: 0
vendor_id	: GenuineIntel
cpu family	: 6
model		: 55
model name	: Intel(R) Pentium(R) CPU  N3540  @ 2.16GHz
stepping	: 8
microcode	: 0x815
cpu MHz		: 757.051
cache size	: 1024 KB
physical id	: 0
siblings	: 4
core id		: 0
cpu cores	: 4
apicid		: 0
initial apicid	: 0
fpu		: yes
fpu_exception	: yes
cpuid level	: 11
wp		: yes
flags		: fpu vme de pse tsc msr pae mce cx8 apic sep mtrr pge mca cmov pat pse36 clflush dts acpi mmx fxsr sse sse2 ss ht tm pbe syscall nx rdtscp lm constant_tsc arch_perfmon pebs bts rep_good nopl xtopology nonstop_tsc aperfmperf eagerfpu pni pclmulqdq dtes64 monitor ds_cpl vmx est tm2 ssse3 cx16 xtpr pdcm sse4_1 sse4_2 movbe popcnt tsc_deadline_timer rdrand lahf_lm 3dnowprefetch epb tpr_shadow vnmi flexpriority ept vpid tsc_adjust smep erms dtherm ida arat
bugs		:
bogomips	: 4333.08
clflush size	: 64
cache_alignment	: 64
address sizes	: 36 bits physical, 48 bits virtual
power management:

processor	: 1
vendor_id	: GenuineIntel
cpu family	: 6
model		: 55
model name	: Intel(R) Pentium(R) CPU  N3540  @ 2.16GHz
stepping	: 8
microcode	: 0x815
cpu MHz		: 745.022
cache size	: 1024 KB
physical id	: 0
siblings	: 4
core id		: 1
cpu cores	: 4
apicid		: 2
initial apicid	: 2
fpu		: yes
fpu_exception	: yes
cpuid level	: 11
wp		: yes
flags		: fpu vme de pse tsc msr pae mce cx8 apic sep mtrr pge mca cmov pat pse36 clflush dts acpi mmx fxsr sse sse2 ss ht tm pbe syscall nx rdtscp lm constant_tsc arch_perfmon pebs bts rep_good nopl xtopology nonstop_tsc aperfmperf eagerfpu pni pclmulqdq dtes64 monitor ds_cpl vmx est tm2 ssse3 cx16 xtpr pdcm sse4_1 sse4_2 movbe popcnt tsc_deadline_timer rdrand lahf_lm 3dnowprefetch epb tpr_shadow vnmi flexpriority ept vpid tsc_adjust smep erms dtherm ida arat
bugs		:
bogomips	: 4335.79
clflush size	: 64
cache_alignment	: 64
address sizes	: 36 bits physical, 48 bits virtual
power management:

processor	: 2
vendor_id	: GenuineIntel
cpu family	: 6
model		: 55
model name	: Intel(R) Pentium(R) CPU  N3540  @ 2.16GHz
stepping	: 8
microcode	: 0x815
cpu MHz		: 1034.518
cache size	: 1024 KB
physical id	: 0
siblings	: 4
core id		: 2
cpu cores	: 4
apicid		: 4
initial apicid	: 4
fpu		: yes
fpu_exception	: yes
cpuid level	: 11
wp		: yes
flags		: fpu vme de pse tsc msr pae mce cx8 apic sep mtrr pge mca cmov pat pse36 clflush dts acpi mmx fxsr sse sse2 ss ht tm pbe syscall nx rdtscp lm constant_tsc arch_perfmon pebs bts rep_good nopl xtopology nonstop_tsc aperfmperf eagerfpu pni pclmulqdq dtes64 monitor ds_cpl vmx est tm2 ssse3 cx16 xtpr pdcm sse4_1 sse4_2 movbe popcnt tsc_deadline_timer rdrand lahf_lm 3dnowprefetch epb tpr_shadow vnmi flexpriority ept vpid tsc_adjust smep erms dtherm ida arat
bugs		:
bogomips	: 4336.91
clflush size	: 64
cache_alignment	: 64
address sizes	: 36 bits physical, 48 bits virtual
power management:

processor	: 3
vendor_id	: GenuineIntel
cpu family	: 6
model		: 55
model name	: Intel(R) Pentium(R) CPU  N3540  @ 2.16GHz
stepping	: 8
microcode	: 0x815
cpu MHz		: 1277.351
cache size	: 1024 KB
physical id	: 0
siblings	: 4
core id		: 3
cpu cores	: 4
apicid		: 6
initial apicid	: 6
fpu		: yes
fpu_exception	: yes
cpuid level	: 11
wp		: yes
flags		: fpu vme de pse tsc msr pae mce cx8 apic sep mtrr pge mca cmov pat pse36 clflush dts acpi mmx fxsr sse sse2 ss ht tm pbe syscall nx rdtscp lm constant_tsc arch_perfmon pebs bts rep_good nopl xtopology nonstop_tsc aperfmperf eagerfpu pni pclmulqdq dtes64 monitor ds_cpl vmx est tm2 ssse3 cx16 xtpr pdcm sse4_1 sse4_2 movbe popcnt tsc_deadline_timer rdrand lahf_lm 3dnowprefetch epb tpr_shadow vnmi flexpriority ept vpid tsc_adjust smep erms dtherm ida arat
bugs		:
bogomips	: 4336.91
clflush size	: 64
cache_alignment	: 64
address sizes	: 36 bits physical, 48 bits virtual
power management:



Memory: 4k page, physical 3935152k(105456k free), swap 0k(0k free)

vm_info: Java HotSpot(TM) 64-Bit Server VM (25.121-b13) for linux-amd64 JRE (1.8.0_121-b13), built on Dec 12 2016 16:36:53 by "java_re" with gcc 4.3.0 20080428 (Red Hat 4.3.0-8)

time: Fri Apr 28 23:20:37 2017
elapsed time: 118 seconds (0d 0h 1m 58s)

